#
# There is insufficient memory for the Java Runtime Environment to continue.
# Native memory allocation (malloc) failed to allocate 1316336 bytes for Chunk::new
# Possible reasons:
#   The system is out of physical RAM or swap space
#   The process is running with CompressedOops enabled, and the Java Heap may be blocking the growth of the native heap
# Possible solutions:
#   Reduce memory load on the system
#   Increase physical memory or swap space
#   Check if swap backing store is full
#   Decrease Java heap size (-Xmx/-Xms)
#   Decrease number of Java threads
#   Decrease Java thread stack sizes (-Xss)
#   Set larger code cache with -XX:ReservedCodeCacheSize=
#   JVM is running with Zero Based Compressed Oops mode in which the Java heap is
#     placed in the first 32GB address space. The Java Heap base address is the
#     maximum limit for the native heap growth. Please use -XX:HeapBaseMinAddress
#     to set the Java Heap base and to place the Java Heap above 32GB virtual address.
# This output file may be truncated or incomplete.
#
#  Out of Memory Error (arena.cpp:184), pid=6172, tid=12568
#
# JRE version: Java(TM) SE Runtime Environment (19.0+36) (build 19+36-2238)
# Java VM: Java HotSpot(TM) 64-Bit Server VM (19+36-2238, mixed mode, sharing, tiered, compressed oops, compressed class ptrs, g1 gc, windows-amd64)
# No core dump will be written. Minidumps are not enabled by default on client versions of Windows
#

---------------  S U M M A R Y ------------

Command Line: --add-modules=ALL-DEFAULT jdk.compiler/com.sun.tools.javac.launcher.Main .\PomAndHoneyGUI.java

Host: 11th Gen Intel(R) Core(TM) i7-1165G7 @ 2.80GHz, 8 cores, 15G,  Windows 11 , 64 bit Build 22621 (10.0.22621.746)
Time: Sun Oct 16 17:59:33 2022 Central Daylight Time elapsed time: 1.317849 seconds (0d 0h 0m 1s)

---------------  T H R E A D  ---------------

Current thread (0x00000173998edc00):  JavaThread "C2 CompilerThread0" daemon [_thread_in_native, id=12568, stack(0x0000005013a00000,0x0000005013b00000)]


Current CompileTask:
C2:   1318 1215       4       jdk.internal.jimage.ImageLocation::getFullName (109 bytes)

Stack: [0x0000005013a00000,0x0000005013b00000]
Native frames: (J=compiled Java code, j=interpreted, Vv=VM code, C=native code)
V  [jvm.dll+0x6ee8fa]
V  [jvm.dll+0x857a1e]
V  [jvm.dll+0x85940e]
V  [jvm.dll+0x859ac3]
V  [jvm.dll+0x28291f]
V  [jvm.dll+0xc9b5f]
V  [jvm.dll+0xc9ee5]
V  [jvm.dll+0x3bcb72]
V  [jvm.dll+0x386201]
V  [jvm.dll+0x38567a]
V  [jvm.dll+0x24c2c9]
V  [jvm.dll+0x24b671]
V  [jvm.dll+0x1d6d61]
V  [jvm.dll+0x25b0fa]
V  [jvm.dll+0x259588]
V  [jvm.dll+0x807928]
V  [jvm.dll+0x8015fa]
V  [jvm.dll+0x6ed5eb]
C  [ucrtbase.dll+0x29363]
C  [KERNEL32.DLL+0x1244d]
C  [ntdll.dll+0x5dfb8]


---------------  P R O C E S S  ---------------

Threads class SMR info:
_java_thread_list=0x000001739e2bef20, length=14, elements={
0x00000173f65f7780, 0x00000173998ddd00, 0x00000173998e09e0, 0x00000173998e76d0,
0x00000173998e8570, 0x00000173998e9130, 0x00000173998e9cf0, 0x00000173998edc00,
0x00000173998f3a90, 0x00000173998f4400, 0x000001739dc9da50, 0x000001739dd73750,
0x000001739e2bdb00, 0x000001739e2bfa00
}

Java Threads: ( => current thread )
  0x00000173f65f7780 JavaThread "main" [_thread_in_vm, id=19744, stack(0x0000005012d00000,0x0000005012e00000)]
  0x00000173998ddd00 JavaThread "Reference Handler" daemon [_thread_blocked, id=8848, stack(0x0000005013400000,0x0000005013500000)]
  0x00000173998e09e0 JavaThread "Finalizer" daemon [_thread_blocked, id=10284, stack(0x0000005013500000,0x0000005013600000)]
  0x00000173998e76d0 JavaThread "Signal Dispatcher" daemon [_thread_blocked, id=18316, stack(0x0000005013600000,0x0000005013700000)]
  0x00000173998e8570 JavaThread "Attach Listener" daemon [_thread_blocked, id=2664, stack(0x0000005013700000,0x0000005013800000)]
  0x00000173998e9130 JavaThread "Service Thread" daemon [_thread_blocked, id=19324, stack(0x0000005013800000,0x0000005013900000)]
  0x00000173998e9cf0 JavaThread "Monitor Deflation Thread" daemon [_thread_blocked, id=13776, stack(0x0000005013900000,0x0000005013a00000)]
=>0x00000173998edc00 JavaThread "C2 CompilerThread0" daemon [_thread_in_native, id=12568, stack(0x0000005013a00000,0x0000005013b00000)]
  0x00000173998f3a90 JavaThread "C1 CompilerThread0" daemon [_thread_blocked, id=7668, stack(0x0000005013b00000,0x0000005013c00000)]
  0x00000173998f4400 JavaThread "Sweeper thread" daemon [_thread_blocked, id=16336, stack(0x0000005013c00000,0x0000005013d00000)]
  0x000001739dc9da50 JavaThread "Common-Cleaner" daemon [_thread_blocked, id=15300, stack(0x0000005013d00000,0x0000005013e00000)]
  0x000001739dd73750 JavaThread "Notification Thread" daemon [_thread_blocked, id=3240, stack(0x0000005013e00000,0x0000005013f00000)]
  0x000001739e2bdb00 JavaThread "C2 CompilerThread1" daemon [_thread_in_native, id=11760, stack(0x0000005014000000,0x0000005014100000)]
  0x000001739e2bfa00 JavaThread "C2 CompilerThread2" daemon [_thread_in_native, id=15228, stack(0x0000005014100000,0x0000005014200000)]

Other Threads:
  0x00000173998c69d0 VMThread "VM Thread" [stack: 0x0000005013300000,0x0000005013400000] [id=1132]
  0x000001739dcacc80 WatcherThread "VM Periodic Task Thread" [stack: 0x0000005013f00000,0x0000005014000000] [id=148]
  0x00000173f6667e00 WorkerThread "GC Thread#0" [stack: 0x0000005012e00000,0x0000005012f00000] [id=11084]
  0x000001739e4fb680 WorkerThread "GC Thread#1" [stack: 0x0000005014200000,0x0000005014300000] [id=17928]
  0x000001739e4fb950 WorkerThread "GC Thread#2" [stack: 0x0000005014300000,0x0000005014400000] [id=7772]
  0x000001739e4fbc20 WorkerThread "GC Thread#3" [stack: 0x0000005014400000,0x0000005014500000] [id=16456]
  0x000001739e4fbef0 WorkerThread "GC Thread#4" [stack: 0x0000005014500000,0x0000005014600000] [id=8816]
  0x000001739e4fc1c0 WorkerThread "GC Thread#5" [stack: 0x0000005014600000,0x0000005014700000] [id=9248]
  0x000001739e497900 WorkerThread "GC Thread#6" [stack: 0x0000005014700000,0x0000005014800000] [id=7732]
  0x00000173f6678ca0 ConcurrentGCThread "G1 Main Marker" [stack: 0x0000005012f00000,0x0000005013000000] [id=19576]
  0x00000173f667a580 WorkerThread "G1 Conc#0" [stack: 0x0000005013000000,0x0000005013100000] [id=18728]
  0x00000173997844c0 ConcurrentGCThread "G1 Refine#0" [stack: 0x0000005013100000,0x0000005013200000] [id=19468]
  0x0000017399784ea0 ConcurrentGCThread "G1 Service" [stack: 0x0000005013200000,0x0000005013300000] [id=14148]

Threads with active compile tasks:
C2 CompilerThread0     1336 1215       4       jdk.internal.jimage.ImageLocation::getFullName (109 bytes)
C2 CompilerThread1     1336 1546       4       com.sun.tools.javac.code.Scope$ScopeImpl$$Lambda$151/0x00000008011197b8::iterator (20 bytes)
C2 CompilerThread2     1336 1411   !   4       com.sun.tools.javac.jvm.ClassReader::classSigToType (497 bytes)

VM state: not at safepoint (normal execution)

VM Mutex/Monitor currently owned by a thread: None

Heap address: 0x0000000703c00000, size: 4036 MB, Compressed Oops mode: Zero based, Oop shift amount: 3

CDS archive(s) mapped at: [0x0000000800000000-0x0000000800c40000-0x0000000800c40000), size 12845056, SharedBaseAddress: 0x0000000800000000, ArchiveRelocationMode: 0.
Compressed class space mapped at: 0x0000000801000000-0x0000000841000000, reserved size: 1073741824
Narrow klass base: 0x0000000800000000, Narrow klass shift: 0, Narrow klass range: 0x100000000

GC Precious Log:
 CardTable entry size: 512
 Card Set container configuration: InlinePtr #cards 4 size 8 Array Of Cards #cards 8 size 32 Howl #buckets 8 coarsen threshold 3686 Howl Bitmap #cards 512 size 80 coarsen threshold 460 Card regions per heap region 1 cards per card region 4096
 CPUs: 8 total, 8 available
 Memory: 16138M
 Large Page Support: Disabled
 NUMA Support: Disabled
 Compressed Oops: Enabled (Zero based)
 Heap Region Size: 2M
 Heap Min Capacity: 8M
 Heap Initial Capacity: 254M
 Heap Max Capacity: 4036M
 Pre-touch: Disabled
 Parallel Workers: 8
 Concurrent Workers: 2
 Concurrent Refinement Workers: 8
 Periodic GC: Disabled

Heap:
 garbage-first heap   total 260096K, used 21540K [0x0000000703c00000, 0x0000000800000000)
  region size 2048K, 11 young (22528K), 2 survivors (4096K)
 Metaspace       used 10997K, committed 11200K, reserved 1114112K
  class space    used 1247K, committed 1344K, reserved 1048576K

Heap Regions: E=young(eden), S=young(survivor), O=old, HS=humongous(starts), HC=humongous(continues), CS=collection set, F=free, OA=open archive, CA=closed archive, TAMS=top-at-mark-start (previous, next)
|   0|0x0000000703c00000, 0x0000000703d09200, 0x0000000703e00000| 51%| O|  |TAMS 0x0000000703c00000, 0x0000000703c00000| Untracked 
|   1|0x0000000703e00000, 0x0000000703e00000, 0x0000000704000000|  0%| F|  |TAMS 0x0000000703e00000, 0x0000000703e00000| Untracked 
|   2|0x0000000704000000, 0x0000000704000000, 0x0000000704200000|  0%| F|  |TAMS 0x0000000704000000, 0x0000000704000000| Untracked 
|   3|0x0000000704200000, 0x0000000704200000, 0x0000000704400000|  0%| F|  |TAMS 0x0000000704200000, 0x0000000704200000| Untracked 
|   4|0x0000000704400000, 0x0000000704400000, 0x0000000704600000|  0%| F|  |TAMS 0x0000000704400000, 0x0000000704400000| Untracked 
|   5|0x0000000704600000, 0x0000000704600000, 0x0000000704800000|  0%| F|  |TAMS 0x0000000704600000, 0x0000000704600000| Untracked 
|   6|0x0000000704800000, 0x0000000704800000, 0x0000000704a00000|  0%| F|  |TAMS 0x0000000704800000, 0x0000000704800000| Untracked 
|   7|0x0000000704a00000, 0x0000000704a00000, 0x0000000704c00000|  0%| F|  |TAMS 0x0000000704a00000, 0x0000000704a00000| Untracked 
|   8|0x0000000704c00000, 0x0000000704c00000, 0x0000000704e00000|  0%| F|  |TAMS 0x0000000704c00000, 0x0000000704c00000| Untracked 
|   9|0x0000000704e00000, 0x0000000704e00000, 0x0000000705000000|  0%| F|  |TAMS 0x0000000704e00000, 0x0000000704e00000| Untracked 
|  10|0x0000000705000000, 0x0000000705000000, 0x0000000705200000|  0%| F|  |TAMS 0x0000000705000000, 0x0000000705000000| Untracked 
|  11|0x0000000705200000, 0x0000000705200000, 0x0000000705400000|  0%| F|  |TAMS 0x0000000705200000, 0x0000000705200000| Untracked 
|  12|0x0000000705400000, 0x0000000705400000, 0x0000000705600000|  0%| F|  |TAMS 0x0000000705400000, 0x0000000705400000| Untracked 
|  13|0x0000000705600000, 0x0000000705600000, 0x0000000705800000|  0%| F|  |TAMS 0x0000000705600000, 0x0000000705600000| Untracked 
|  14|0x0000000705800000, 0x0000000705800000, 0x0000000705a00000|  0%| F|  |TAMS 0x0000000705800000, 0x0000000705800000| Untracked 
|  15|0x0000000705a00000, 0x0000000705a00000, 0x0000000705c00000|  0%| F|  |TAMS 0x0000000705a00000, 0x0000000705a00000| Untracked 
|  16|0x0000000705c00000, 0x0000000705c00000, 0x0000000705e00000|  0%| F|  |TAMS 0x0000000705c00000, 0x0000000705c00000| Untracked 
|  17|0x0000000705e00000, 0x0000000705e00000, 0x0000000706000000|  0%| F|  |TAMS 0x0000000705e00000, 0x0000000705e00000| Untracked 
|  18|0x0000000706000000, 0x0000000706000000, 0x0000000706200000|  0%| F|  |TAMS 0x0000000706000000, 0x0000000706000000| Untracked 
|  19|0x0000000706200000, 0x0000000706200000, 0x0000000706400000|  0%| F|  |TAMS 0x0000000706200000, 0x0000000706200000| Untracked 
|  20|0x0000000706400000, 0x0000000706400000, 0x0000000706600000|  0%| F|  |TAMS 0x0000000706400000, 0x0000000706400000| Untracked 
|  21|0x0000000706600000, 0x0000000706600000, 0x0000000706800000|  0%| F|  |TAMS 0x0000000706600000, 0x0000000706600000| Untracked 
|  22|0x0000000706800000, 0x0000000706800000, 0x0000000706a00000|  0%| F|  |TAMS 0x0000000706800000, 0x0000000706800000| Untracked 
|  23|0x0000000706a00000, 0x0000000706a00000, 0x0000000706c00000|  0%| F|  |TAMS 0x0000000706a00000, 0x0000000706a00000| Untracked 
|  24|0x0000000706c00000, 0x0000000706c00000, 0x0000000706e00000|  0%| F|  |TAMS 0x0000000706c00000, 0x0000000706c00000| Untracked 
|  25|0x0000000706e00000, 0x0000000706e00000, 0x0000000707000000|  0%| F|  |TAMS 0x0000000706e00000, 0x0000000706e00000| Untracked 
|  26|0x0000000707000000, 0x0000000707000000, 0x0000000707200000|  0%| F|  |TAMS 0x0000000707000000, 0x0000000707000000| Untracked 
|  27|0x0000000707200000, 0x0000000707200000, 0x0000000707400000|  0%| F|  |TAMS 0x0000000707200000, 0x0000000707200000| Untracked 
|  28|0x0000000707400000, 0x0000000707400000, 0x0000000707600000|  0%| F|  |TAMS 0x0000000707400000, 0x0000000707400000| Untracked 
|  29|0x0000000707600000, 0x0000000707600000, 0x0000000707800000|  0%| F|  |TAMS 0x0000000707600000, 0x0000000707600000| Untracked 
|  30|0x0000000707800000, 0x0000000707800000, 0x0000000707a00000|  0%| F|  |TAMS 0x0000000707800000, 0x0000000707800000| Untracked 
|  31|0x0000000707a00000, 0x0000000707a00000, 0x0000000707c00000|  0%| F|  |TAMS 0x0000000707a00000, 0x0000000707a00000| Untracked 
|  32|0x0000000707c00000, 0x0000000707c00000, 0x0000000707e00000|  0%| F|  |TAMS 0x0000000707c00000, 0x0000000707c00000| Untracked 
|  33|0x0000000707e00000, 0x0000000707e00000, 0x0000000708000000|  0%| F|  |TAMS 0x0000000707e00000, 0x0000000707e00000| Untracked 
|  34|0x0000000708000000, 0x0000000708000000, 0x0000000708200000|  0%| F|  |TAMS 0x0000000708000000, 0x0000000708000000| Untracked 
|  35|0x0000000708200000, 0x0000000708200000, 0x0000000708400000|  0%| F|  |TAMS 0x0000000708200000, 0x0000000708200000| Untracked 
|  36|0x0000000708400000, 0x0000000708400000, 0x0000000708600000|  0%| F|  |TAMS 0x0000000708400000, 0x0000000708400000| Untracked 
|  37|0x0000000708600000, 0x0000000708600000, 0x0000000708800000|  0%| F|  |TAMS 0x0000000708600000, 0x0000000708600000| Untracked 
|  38|0x0000000708800000, 0x0000000708800000, 0x0000000708a00000|  0%| F|  |TAMS 0x0000000708800000, 0x0000000708800000| Untracked 
|  39|0x0000000708a00000, 0x0000000708a00000, 0x0000000708c00000|  0%| F|  |TAMS 0x0000000708a00000, 0x0000000708a00000| Untracked 
|  40|0x0000000708c00000, 0x0000000708c00000, 0x0000000708e00000|  0%| F|  |TAMS 0x0000000708c00000, 0x0000000708c00000| Untracked 
|  41|0x0000000708e00000, 0x0000000708e00000, 0x0000000709000000|  0%| F|  |TAMS 0x0000000708e00000, 0x0000000708e00000| Untracked 
|  42|0x0000000709000000, 0x0000000709000000, 0x0000000709200000|  0%| F|  |TAMS 0x0000000709000000, 0x0000000709000000| Untracked 
|  43|0x0000000709200000, 0x0000000709200000, 0x0000000709400000|  0%| F|  |TAMS 0x0000000709200000, 0x0000000709200000| Untracked 
|  44|0x0000000709400000, 0x0000000709400000, 0x0000000709600000|  0%| F|  |TAMS 0x0000000709400000, 0x0000000709400000| Untracked 
|  45|0x0000000709600000, 0x0000000709600000, 0x0000000709800000|  0%| F|  |TAMS 0x0000000709600000, 0x0000000709600000| Untracked 
|  46|0x0000000709800000, 0x0000000709800000, 0x0000000709a00000|  0%| F|  |TAMS 0x0000000709800000, 0x0000000709800000| Untracked 
|  47|0x0000000709a00000, 0x0000000709a00000, 0x0000000709c00000|  0%| F|  |TAMS 0x0000000709a00000, 0x0000000709a00000| Untracked 
|  48|0x0000000709c00000, 0x0000000709c00000, 0x0000000709e00000|  0%| F|  |TAMS 0x0000000709c00000, 0x0000000709c00000| Untracked 
|  49|0x0000000709e00000, 0x0000000709e00000, 0x000000070a000000|  0%| F|  |TAMS 0x0000000709e00000, 0x0000000709e00000| Untracked 
|  50|0x000000070a000000, 0x000000070a000000, 0x000000070a200000|  0%| F|  |TAMS 0x000000070a000000, 0x000000070a000000| Untracked 
|  51|0x000000070a200000, 0x000000070a200000, 0x000000070a400000|  0%| F|  |TAMS 0x000000070a200000, 0x000000070a200000| Untracked 
|  52|0x000000070a400000, 0x000000070a400000, 0x000000070a600000|  0%| F|  |TAMS 0x000000070a400000, 0x000000070a400000| Untracked 
|  53|0x000000070a600000, 0x000000070a600000, 0x000000070a800000|  0%| F|  |TAMS 0x000000070a600000, 0x000000070a600000| Untracked 
|  54|0x000000070a800000, 0x000000070a800000, 0x000000070aa00000|  0%| F|  |TAMS 0x000000070a800000, 0x000000070a800000| Untracked 
|  55|0x000000070aa00000, 0x000000070aa00000, 0x000000070ac00000|  0%| F|  |TAMS 0x000000070aa00000, 0x000000070aa00000| Untracked 
|  56|0x000000070ac00000, 0x000000070ac00000, 0x000000070ae00000|  0%| F|  |TAMS 0x000000070ac00000, 0x000000070ac00000| Untracked 
|  57|0x000000070ae00000, 0x000000070ae00000, 0x000000070b000000|  0%| F|  |TAMS 0x000000070ae00000, 0x000000070ae00000| Untracked 
|  58|0x000000070b000000, 0x000000070b000000, 0x000000070b200000|  0%| F|  |TAMS 0x000000070b000000, 0x000000070b000000| Untracked 
|  59|0x000000070b200000, 0x000000070b200000, 0x000000070b400000|  0%| F|  |TAMS 0x000000070b200000, 0x000000070b200000| Untracked 
|  60|0x000000070b400000, 0x000000070b400000, 0x000000070b600000|  0%| F|  |TAMS 0x000000070b400000, 0x000000070b400000| Untracked 
|  61|0x000000070b600000, 0x000000070b600000, 0x000000070b800000|  0%| F|  |TAMS 0x000000070b600000, 0x000000070b600000| Untracked 
|  62|0x000000070b800000, 0x000000070b800000, 0x000000070ba00000|  0%| F|  |TAMS 0x000000070b800000, 0x000000070b800000| Untracked 
|  63|0x000000070ba00000, 0x000000070ba00000, 0x000000070bc00000|  0%| F|  |TAMS 0x000000070ba00000, 0x000000070ba00000| Untracked 
|  64|0x000000070bc00000, 0x000000070bc00000, 0x000000070be00000|  0%| F|  |TAMS 0x000000070bc00000, 0x000000070bc00000| Untracked 
|  65|0x000000070be00000, 0x000000070be00000, 0x000000070c000000|  0%| F|  |TAMS 0x000000070be00000, 0x000000070be00000| Untracked 
|  66|0x000000070c000000, 0x000000070c000000, 0x000000070c200000|  0%| F|  |TAMS 0x000000070c000000, 0x000000070c000000| Untracked 
|  67|0x000000070c200000, 0x000000070c200000, 0x000000070c400000|  0%| F|  |TAMS 0x000000070c200000, 0x000000070c200000| Untracked 
|  68|0x000000070c400000, 0x000000070c400000, 0x000000070c600000|  0%| F|  |TAMS 0x000000070c400000, 0x000000070c400000| Untracked 
|  69|0x000000070c600000, 0x000000070c600000, 0x000000070c800000|  0%| F|  |TAMS 0x000000070c600000, 0x000000070c600000| Untracked 
|  70|0x000000070c800000, 0x000000070c800000, 0x000000070ca00000|  0%| F|  |TAMS 0x000000070c800000, 0x000000070c800000| Untracked 
|  71|0x000000070ca00000, 0x000000070ca00000, 0x000000070cc00000|  0%| F|  |TAMS 0x000000070ca00000, 0x000000070ca00000| Untracked 
|  72|0x000000070cc00000, 0x000000070cc00000, 0x000000070ce00000|  0%| F|  |TAMS 0x000000070cc00000, 0x000000070cc00000| Untracked 
|  73|0x000000070ce00000, 0x000000070ce00000, 0x000000070d000000|  0%| F|  |TAMS 0x000000070ce00000, 0x000000070ce00000| Untracked 
|  74|0x000000070d000000, 0x000000070d000000, 0x000000070d200000|  0%| F|  |TAMS 0x000000070d000000, 0x000000070d000000| Untracked 
|  75|0x000000070d200000, 0x000000070d200000, 0x000000070d400000|  0%| F|  |TAMS 0x000000070d200000, 0x000000070d200000| Untracked 
|  76|0x000000070d400000, 0x000000070d400000, 0x000000070d600000|  0%| F|  |TAMS 0x000000070d400000, 0x000000070d400000| Untracked 
|  77|0x000000070d600000, 0x000000070d600000, 0x000000070d800000|  0%| F|  |TAMS 0x000000070d600000, 0x000000070d600000| Untracked 
|  78|0x000000070d800000, 0x000000070d800000, 0x000000070da00000|  0%| F|  |TAMS 0x000000070d800000, 0x000000070d800000| Untracked 
|  79|0x000000070da00000, 0x000000070da00000, 0x000000070dc00000|  0%| F|  |TAMS 0x000000070da00000, 0x000000070da00000| Untracked 
|  80|0x000000070dc00000, 0x000000070dc00000, 0x000000070de00000|  0%| F|  |TAMS 0x000000070dc00000, 0x000000070dc00000| Untracked 
|  81|0x000000070de00000, 0x000000070de00000, 0x000000070e000000|  0%| F|  |TAMS 0x000000070de00000, 0x000000070de00000| Untracked 
|  82|0x000000070e000000, 0x000000070e000000, 0x000000070e200000|  0%| F|  |TAMS 0x000000070e000000, 0x000000070e000000| Untracked 
|  83|0x000000070e200000, 0x000000070e200000, 0x000000070e400000|  0%| F|  |TAMS 0x000000070e200000, 0x000000070e200000| Untracked 
|  84|0x000000070e400000, 0x000000070e400000, 0x000000070e600000|  0%| F|  |TAMS 0x000000070e400000, 0x000000070e400000| Untracked 
|  85|0x000000070e600000, 0x000000070e600000, 0x000000070e800000|  0%| F|  |TAMS 0x000000070e600000, 0x000000070e600000| Untracked 
|  86|0x000000070e800000, 0x000000070e800000, 0x000000070ea00000|  0%| F|  |TAMS 0x000000070e800000, 0x000000070e800000| Untracked 
|  87|0x000000070ea00000, 0x000000070ea00000, 0x000000070ec00000|  0%| F|  |TAMS 0x000000070ea00000, 0x000000070ea00000| Untracked 
|  88|0x000000070ec00000, 0x000000070ec00000, 0x000000070ee00000|  0%| F|  |TAMS 0x000000070ec00000, 0x000000070ec00000| Untracked 
|  89|0x000000070ee00000, 0x000000070ee00000, 0x000000070f000000|  0%| F|  |TAMS 0x000000070ee00000, 0x000000070ee00000| Untracked 
|  90|0x000000070f000000, 0x000000070f000000, 0x000000070f200000|  0%| F|  |TAMS 0x000000070f000000, 0x000000070f000000| Untracked 
|  91|0x000000070f200000, 0x000000070f200000, 0x000000070f400000|  0%| F|  |TAMS 0x000000070f200000, 0x000000070f200000| Untracked 
|  92|0x000000070f400000, 0x000000070f400000, 0x000000070f600000|  0%| F|  |TAMS 0x000000070f400000, 0x000000070f400000| Untracked 
|  93|0x000000070f600000, 0x000000070f600000, 0x000000070f800000|  0%| F|  |TAMS 0x000000070f600000, 0x000000070f600000| Untracked 
|  94|0x000000070f800000, 0x000000070f800000, 0x000000070fa00000|  0%| F|  |TAMS 0x000000070f800000, 0x000000070f800000| Untracked 
|  95|0x000000070fa00000, 0x000000070fa00000, 0x000000070fc00000|  0%| F|  |TAMS 0x000000070fa00000, 0x000000070fa00000| Untracked 
|  96|0x000000070fc00000, 0x000000070fc00000, 0x000000070fe00000|  0%| F|  |TAMS 0x000000070fc00000, 0x000000070fc00000| Untracked 
|  97|0x000000070fe00000, 0x000000070fe00000, 0x0000000710000000|  0%| F|  |TAMS 0x000000070fe00000, 0x000000070fe00000| Untracked 
|  98|0x0000000710000000, 0x0000000710000000, 0x0000000710200000|  0%| F|  |TAMS 0x0000000710000000, 0x0000000710000000| Untracked 
|  99|0x0000000710200000, 0x0000000710200000, 0x0000000710400000|  0%| F|  |TAMS 0x0000000710200000, 0x0000000710200000| Untracked 
| 100|0x0000000710400000, 0x0000000710400000, 0x0000000710600000|  0%| F|  |TAMS 0x0000000710400000, 0x0000000710400000| Untracked 
| 101|0x0000000710600000, 0x0000000710600000, 0x0000000710800000|  0%| F|  |TAMS 0x0000000710600000, 0x0000000710600000| Untracked 
| 102|0x0000000710800000, 0x0000000710800000, 0x0000000710a00000|  0%| F|  |TAMS 0x0000000710800000, 0x0000000710800000| Untracked 
| 103|0x0000000710a00000, 0x0000000710a00000, 0x0000000710c00000|  0%| F|  |TAMS 0x0000000710a00000, 0x0000000710a00000| Untracked 
| 104|0x0000000710c00000, 0x0000000710c00000, 0x0000000710e00000|  0%| F|  |TAMS 0x0000000710c00000, 0x0000000710c00000| Untracked 
| 105|0x0000000710e00000, 0x0000000710e00000, 0x0000000711000000|  0%| F|  |TAMS 0x0000000710e00000, 0x0000000710e00000| Untracked 
| 106|0x0000000711000000, 0x0000000711000000, 0x0000000711200000|  0%| F|  |TAMS 0x0000000711000000, 0x0000000711000000| Untracked 
| 107|0x0000000711200000, 0x0000000711200000, 0x0000000711400000|  0%| F|  |TAMS 0x0000000711200000, 0x0000000711200000| Untracked 
| 108|0x0000000711400000, 0x0000000711400000, 0x0000000711600000|  0%| F|  |TAMS 0x0000000711400000, 0x0000000711400000| Untracked 
| 109|0x0000000711600000, 0x0000000711600000, 0x0000000711800000|  0%| F|  |TAMS 0x0000000711600000, 0x0000000711600000| Untracked 
| 110|0x0000000711800000, 0x0000000711800000, 0x0000000711a00000|  0%| F|  |TAMS 0x0000000711800000, 0x0000000711800000| Untracked 
| 111|0x0000000711a00000, 0x0000000711a00000, 0x0000000711c00000|  0%| F|  |TAMS 0x0000000711a00000, 0x0000000711a00000| Untracked 
| 112|0x0000000711c00000, 0x0000000711c00000, 0x0000000711e00000|  0%| F|  |TAMS 0x0000000711c00000, 0x0000000711c00000| Untracked 
| 113|0x0000000711e00000, 0x0000000711e00000, 0x0000000712000000|  0%| F|  |TAMS 0x0000000711e00000, 0x0000000711e00000| Untracked 
| 114|0x0000000712000000, 0x0000000712200000, 0x0000000712200000|100%| S|CS|TAMS 0x0000000712000000, 0x0000000712000000| Complete 
| 115|0x0000000712200000, 0x0000000712400000, 0x0000000712400000|100%| S|CS|TAMS 0x0000000712200000, 0x0000000712200000| Complete 
| 116|0x0000000712400000, 0x0000000712400000, 0x0000000712600000|  0%| F|  |TAMS 0x0000000712400000, 0x0000000712400000| Untracked 
| 117|0x0000000712600000, 0x0000000712600000, 0x0000000712800000|  0%| F|  |TAMS 0x0000000712600000, 0x0000000712600000| Untracked 
| 118|0x0000000712800000, 0x00000007128b2230, 0x0000000712a00000| 34%| E|  |TAMS 0x0000000712800000, 0x0000000712800000| Complete 
| 119|0x0000000712a00000, 0x0000000712c00000, 0x0000000712c00000|100%| E|CS|TAMS 0x0000000712a00000, 0x0000000712a00000| Complete 
| 120|0x0000000712c00000, 0x0000000712e00000, 0x0000000712e00000|100%| E|CS|TAMS 0x0000000712c00000, 0x0000000712c00000| Complete 
| 121|0x0000000712e00000, 0x0000000713000000, 0x0000000713000000|100%| E|CS|TAMS 0x0000000712e00000, 0x0000000712e00000| Complete 
| 122|0x0000000713000000, 0x0000000713200000, 0x0000000713200000|100%| E|CS|TAMS 0x0000000713000000, 0x0000000713000000| Complete 
| 123|0x0000000713200000, 0x0000000713400000, 0x0000000713400000|100%| E|CS|TAMS 0x0000000713200000, 0x0000000713200000| Complete 
| 124|0x0000000713400000, 0x0000000713600000, 0x0000000713600000|100%| E|CS|TAMS 0x0000000713400000, 0x0000000713400000| Complete 
| 125|0x0000000713600000, 0x0000000713800000, 0x0000000713800000|100%| E|CS|TAMS 0x0000000713600000, 0x0000000713600000| Complete 
| 126|0x0000000713800000, 0x0000000713a00000, 0x0000000713a00000|100%| E|CS|TAMS 0x0000000713800000, 0x0000000713800000| Complete 

Card table byte_map: [0x00000173ff060000,0x00000173ff850000] _byte_map_base: 0x00000173fb842000

Marking Bits (Prev, Next): (CMBitMap*) 0x00000173f6668430, (CMBitMap*) 0x00000173f6668470
 Prev Bits: [0x000001738f7f0000, 0x0000017393700000)
 Next Bits: [0x0000017393700000, 0x0000017397610000)

Polling page: 0x00000173f4510000

Metaspace:

Usage:
  Non-class:      9.61 MB used.
      Class:      1.22 MB used.
       Both:     10.84 MB used.

Virtual space:
  Non-class space:       64.00 MB reserved,       9.75 MB ( 15%) committed,  1 nodes.
      Class space:        1.00 GB reserved,       1.38 MB ( <1%) committed,  1 nodes.
             Both:        1.06 GB reserved,      11.12 MB (  1%) committed. 

Chunk freelists:
   Non-Class:  1.04 MB
       Class:  2.60 MB
        Both:  3.64 MB

MaxMetaspaceSize: unlimited
CompressedClassSpaceSize: 1.00 GB
Initial GC threshold: 21.00 MB
Current GC threshold: 21.00 MB
CDS: on
MetaspaceReclaimPolicy: balanced
 - commit_granule_bytes: 65536.
 - commit_granule_words: 8192.
 - virtual_space_node_default_size: 8388608.
 - enlarge_chunks_in_place: 1.
 - new_chunks_are_fully_committed: 0.
 - uncommit_free_chunks: 1.
 - use_allocation_guard: 0.


Internal statistics:

num_allocs_failed_limit: 0.
num_arena_births: 132.
num_arena_deaths: 0.
num_vsnodes_births: 2.
num_vsnodes_deaths: 0.
num_space_committed: 178.
num_space_uncommitted: 0.
num_chunks_returned_to_freelist: 0.
num_chunks_taken_from_freelist: 476.
num_chunk_merges: 0.
num_chunk_splits: 338.
num_chunks_enlarged: 264.
num_inconsistent_stats: 0.

CodeHeap 'non-profiled nmethods': size=120000Kb used=537Kb max_used=537Kb free=119462Kb
 bounds [0x0000017387ad0000, 0x0000017387d40000, 0x000001738f000000]
CodeHeap 'profiled nmethods': size=120000Kb used=2803Kb max_used=2803Kb free=117196Kb
 bounds [0x0000017380000000, 0x00000173802c0000, 0x0000017387530000]
CodeHeap 'non-nmethods': size=5760Kb used=1286Kb max_used=1298Kb free=4473Kb
 bounds [0x0000017387530000, 0x00000173877a0000, 0x0000017387ad0000]
 total_blobs=2110 nmethods=1629 adapters=391
 compilation: enabled
              stopped_count=0, restarted_count=0
 full_count=0

Compilation events (20 events):
Event: 1.289 Thread 0x00000173998f3a90 nmethod 1608 0x00000173802ac290 code [0x00000173802ac420, 0x00000173802ac518]
Event: 1.289 Thread 0x00000173998f3a90 1609       3       jdk.internal.module.SystemModuleFinders$SystemModuleReader::find (59 bytes)
Event: 1.292 Thread 0x00000173998f3a90 nmethod 1609 0x00000173802ac590 code [0x00000173802ac820, 0x00000173802ad298]
Event: 1.292 Thread 0x00000173998f3a90 1610       3       jdk.internal.module.SystemModuleFinders$SystemModuleReader::containsImageLocation (42 bytes)
Event: 1.294 Thread 0x00000173998f3a90 nmethod 1610 0x00000173802ad690 code [0x00000173802ad8a0, 0x00000173802adf58]
Event: 1.296 Thread 0x00000173998f3a90 1611       3       java.lang.Character::isJavaIdentifierStart (9 bytes)
Event: 1.296 Thread 0x00000173998f3a90 nmethod 1611 0x00000173802ae210 code [0x00000173802ae3c0, 0x00000173802ae5b8]
Event: 1.300 Thread 0x00000173998f3a90 1612   !   3       java.util.concurrent.ConcurrentHashMap::replaceNode (437 bytes)
Event: 1.305 Thread 0x00000173998f3a90 nmethod 1612 0x00000173802ae690 code [0x00000173802aea00, 0x00000173802b0338]
Event: 1.305 Thread 0x00000173998f3a90 1619       3       java.lang.String::substring (58 bytes)
Event: 1.307 Thread 0x00000173998f3a90 nmethod 1619 0x00000173802b1090 code [0x00000173802b12a0, 0x00000173802b18a8]
Event: 1.307 Thread 0x00000173998f3a90 1622       3       jdk.internal.org.objectweb.asm.SymbolTable::addType (81 bytes)
Event: 1.309 Thread 0x00000173998f3a90 nmethod 1622 0x00000173802b1b10 code [0x00000173802b1d20, 0x00000173802b2278]
Event: 1.309 Thread 0x00000173998f3a90 1614       3       jdk.internal.org.objectweb.asm.Frame::pop (42 bytes)
Event: 1.310 Thread 0x00000173998f3a90 nmethod 1614 0x00000173802b2510 code [0x00000173802b26c0, 0x00000173802b2878]
Event: 1.310 Thread 0x00000173998f3a90 1613       3       jdk.internal.org.objectweb.asm.Frame::getLocal (46 bytes)
Event: 1.311 Thread 0x00000173998f3a90 nmethod 1613 0x00000173802b2990 code [0x00000173802b2b40, 0x00000173802b2d78]
Event: 1.311 Thread 0x00000173998f3a90 1616       3       java.lang.invoke.LambdaForm::parameter (38 bytes)
Event: 1.311 Thread 0x00000173998f3a90 nmethod 1616 0x00000173802b2e90 code [0x00000173802b3020, 0x00000173802b3178]
Event: 1.312 Thread 0x00000173998f3a90 1623       3       jdk.internal.org.objectweb.asm.Frame::getAbstractTypeFromDescriptor (415 bytes)

GC Heap History (2 events):
Event: 0.729 GC heap before
{Heap before GC invocations=0 (full 0):
 garbage-first heap   total 260096K, used 22528K [0x0000000703c00000, 0x0000000800000000)
  region size 2048K, 11 young (22528K), 0 survivors (0K)
 Metaspace       used 9024K, committed 9216K, reserved 1114112K
  class space    used 1015K, committed 1088K, reserved 1048576K
}
Event: 0.735 GC heap after
{Heap after GC invocations=1 (full 0):
 garbage-first heap   total 260096K, used 5156K [0x0000000703c00000, 0x0000000800000000)
  region size 2048K, 2 young (4096K), 2 survivors (4096K)
 Metaspace       used 9024K, committed 9216K, reserved 1114112K
  class space    used 1015K, committed 1088K, reserved 1048576K
}

Dll operation events (7 events):
Event: 0.007 Loaded shared library C:\Program Files\Java\jdk-19\bin\java.dll
Event: 0.018 Loaded shared library C:\Program Files\Java\jdk-19\bin\jsvml.dll
Event: 0.075 Loaded shared library C:\Program Files\Java\jdk-19\bin\jimage.dll
Event: 0.083 Loaded shared library C:\Program Files\Java\jdk-19\bin\net.dll
Event: 0.085 Loaded shared library C:\Program Files\Java\jdk-19\bin\nio.dll
Event: 0.144 Loaded shared library C:\Program Files\Java\jdk-19\bin\zip.dll
Event: 1.300 Loaded shared library C:\Program Files\Java\jdk-19\bin\awt.dll

Deoptimization events (20 events):
Event: 1.160 Thread 0x00000173f65f7780 Uncommon trap: trap_request=0xffffffc6 fr.pc=0x0000017387b133f8 relative=0x0000000000001438
Event: 1.161 Thread 0x00000173f65f7780 Uncommon trap: reason=bimorphic_or_optimized_type_check action=maybe_recompile pc=0x0000017387b133f8 method=java.util.HashMap.putVal(ILjava/lang/Object;Ljava/lang/Object;ZZ)Ljava/lang/Object; @ 253 c2
Event: 1.161 Thread 0x00000173f65f7780 DEOPT PACKING pc=0x0000017387b133f8 sp=0x0000005012dfec80
Event: 1.161 Thread 0x00000173f65f7780 DEOPT UNPACKING pc=0x000001738759a5a3 sp=0x0000005012dfebd8 mode 2
Event: 1.181 Thread 0x00000173f65f7780 Uncommon trap: trap_request=0xffffffc6 fr.pc=0x0000017387b133f8 relative=0x0000000000001438
Event: 1.181 Thread 0x00000173f65f7780 Uncommon trap: reason=bimorphic_or_optimized_type_check action=maybe_recompile pc=0x0000017387b133f8 method=java.util.HashMap.putVal(ILjava/lang/Object;Ljava/lang/Object;ZZ)Ljava/lang/Object; @ 253 c2
Event: 1.181 Thread 0x00000173f65f7780 DEOPT PACKING pc=0x0000017387b133f8 sp=0x0000005012dfec80
Event: 1.181 Thread 0x00000173f65f7780 DEOPT UNPACKING pc=0x000001738759a5a3 sp=0x0000005012dfebd8 mode 2
Event: 1.194 Thread 0x00000173f65f7780 Uncommon trap: trap_request=0xffffff45 fr.pc=0x0000017387b4c834 relative=0x0000000000000094
Event: 1.195 Thread 0x00000173f65f7780 Uncommon trap: reason=unstable_if action=reinterpret pc=0x0000017387b4c834 method=com.sun.tools.javac.code.Scope$ScopeImpl$2.hasNext()Z @ 69 c2
Event: 1.195 Thread 0x00000173f65f7780 DEOPT PACKING pc=0x0000017387b4c834 sp=0x0000005012dfe8a0
Event: 1.195 Thread 0x00000173f65f7780 DEOPT UNPACKING pc=0x000001738759a5a3 sp=0x0000005012dfe838 mode 2
Event: 1.196 Thread 0x00000173f65f7780 Uncommon trap: trap_request=0xffffffc6 fr.pc=0x0000017387b1598c relative=0x000000000000144c
Event: 1.196 Thread 0x00000173f65f7780 Uncommon trap: reason=bimorphic_or_optimized_type_check action=maybe_recompile pc=0x0000017387b1598c method=java.util.HashMap.putVal(ILjava/lang/Object;Ljava/lang/Object;ZZ)Ljava/lang/Object; @ 253 c2
Event: 1.196 Thread 0x00000173f65f7780 DEOPT PACKING pc=0x0000017387b1598c sp=0x0000005012dfebf0
Event: 1.196 Thread 0x00000173f65f7780 DEOPT UNPACKING pc=0x000001738759a5a3 sp=0x0000005012dfebd0 mode 2
Event: 1.254 Thread 0x00000173f65f7780 Uncommon trap: trap_request=0xffffff45 fr.pc=0x0000017387b26448 relative=0x0000000000000508
Event: 1.254 Thread 0x00000173f65f7780 Uncommon trap: reason=unstable_if action=reinterpret pc=0x0000017387b26448 method=java.lang.StringLatin1.newString([BII)Ljava/lang/String; @ 1 c2
Event: 1.255 Thread 0x00000173f65f7780 DEOPT PACKING pc=0x0000017387b26448 sp=0x0000005012dfecc0
Event: 1.255 Thread 0x00000173f65f7780 DEOPT UNPACKING pc=0x000001738759a5a3 sp=0x0000005012dfec20 mode 2

Classes loaded (20 events):
Event: 1.292 Loading class sun/awt/AWTAccessor$ToolkitAccessor done
Event: 1.293 Loading class java/awt/Toolkit$3 done
Event: 1.293 Loading class sun/awt/AWTAccessor
Event: 1.294 Loading class sun/awt/AWTAccessor done
Event: 1.294 Loading class java/awt/Toolkit$4
Event: 1.294 Loading class java/awt/Toolkit$4 done
Event: 1.294 Loading class sun/awt/resources/awt
Event: 1.295 Loading class sun/awt/resources/awt done
Event: 1.295 Loading class sun/awt/resources/awt_en
Event: 1.295 Loading class sun/awt/resources/awt_en done
Event: 1.295 Loading class sun/awt/resources/awt_en
Event: 1.295 Loading class sun/awt/resources/awt_en done
Event: 1.296 Loading class sun/awt/resources/awt_en_US
Event: 1.296 Loading class sun/awt/resources/awt_en_US done
Event: 1.296 Loading class sun/awt/resources/awt_en_US
Event: 1.296 Loading class sun/awt/resources/awt_en_US done
Event: 1.296 Loading class java/awt/Toolkit$2
Event: 1.297 Loading class java/awt/Toolkit$2 done
Event: 1.300 Loading class java/awt/Toolkit$1
Event: 1.301 Loading class java/awt/Toolkit$1 done

Classes unloaded (0 events):
No events

Classes redefined (0 events):
No events

Internal exceptions (20 events):
Event: 0.570 Thread 0x00000173f65f7780 Exception <a 'sun/nio/fs/WindowsException'{0x0000000712e2a808}> (0x0000000712e2a808) 
thrown [s\open\src\hotspot\share\prims\jni.cpp, line 517]
Event: 0.636 Thread 0x00000173f65f7780 Exception <a 'java/lang/NoSuchMethodError'{0x0000000712d7c7e8}: 'int java.lang.invoke.DirectMethodHandle$Holder.invokeSpecial(java.lang.Object, java.lang.Object, java.lang.Object)'> (0x0000000712d7c7e8) 
thrown [s\open\src\hotspot\share\interpreter\linkResolver.cpp, line 774]
Event: 0.642 Thread 0x00000173f65f7780 Exception <a 'sun/nio/fs/WindowsException'{0x0000000712d86b30}> (0x0000000712d86b30) 
thrown [s\open\src\hotspot\share\prims\jni.cpp, line 517]
Event: 0.642 Thread 0x00000173f65f7780 Exception <a 'sun/nio/fs/WindowsException'{0x0000000712d86d70}> (0x0000000712d86d70) 
thrown [s\open\src\hotspot\share\prims\jni.cpp, line 517]
Event: 0.649 Thread 0x00000173f65f7780 Exception <a 'sun/nio/fs/WindowsException'{0x0000000712d90790}> (0x0000000712d90790) 
thrown [s\open\src\hotspot\share\prims\jni.cpp, line 517]
Event: 0.649 Thread 0x00000173f65f7780 Exception <a 'sun/nio/fs/WindowsException'{0x0000000712d90a10}> (0x0000000712d90a10) 
thrown [s\open\src\hotspot\share\prims\jni.cpp, line 517]
Event: 0.650 Thread 0x00000173f65f7780 Exception <a 'sun/nio/fs/WindowsException'{0x0000000712d92b38}> (0x0000000712d92b38) 
thrown [s\open\src\hotspot\share\prims\jni.cpp, line 517]
Event: 0.650 Thread 0x00000173f65f7780 Exception <a 'sun/nio/fs/WindowsException'{0x0000000712d92df8}> (0x0000000712d92df8) 
thrown [s\open\src\hotspot\share\prims\jni.cpp, line 517]
Event: 0.650 Thread 0x00000173f65f7780 Exception <a 'sun/nio/fs/WindowsException'{0x0000000712d95a58}> (0x0000000712d95a58) 
thrown [s\open\src\hotspot\share\prims\jni.cpp, line 517]
Event: 0.651 Thread 0x00000173f65f7780 Exception <a 'sun/nio/fs/WindowsException'{0x0000000712d95d38}> (0x0000000712d95d38) 
thrown [s\open\src\hotspot\share\prims\jni.cpp, line 517]
Event: 0.653 Thread 0x00000173f65f7780 Exception <a 'java/lang/NoSuchMethodError'{0x0000000712da3418}: 'java.lang.Object java.lang.invoke.DirectMethodHandle$Holder.invokeStatic(java.lang.Object, java.lang.Object, int, int)'> (0x0000000712da3418) 
thrown [s\open\src\hotspot\share\interpreter\linkResolver.cpp, line 774]
Event: 0.670 Thread 0x00000173f65f7780 Exception <a 'sun/nio/fs/WindowsException'{0x0000000712dd1a30}> (0x0000000712dd1a30) 
thrown [s\open\src\hotspot\share\prims\jni.cpp, line 517]
Event: 0.670 Thread 0x00000173f65f7780 Exception <a 'sun/nio/fs/WindowsException'{0x0000000712dd1c80}> (0x0000000712dd1c80) 
thrown [s\open\src\hotspot\share\prims\jni.cpp, line 517]
Event: 0.702 Thread 0x00000173f65f7780 Exception <a 'sun/nio/fs/WindowsException'{0x00000007128dbb60}> (0x00000007128dbb60) 
thrown [s\open\src\hotspot\share\prims\jni.cpp, line 517]
Event: 0.702 Thread 0x00000173f65f7780 Exception <a 'sun/nio/fs/WindowsException'{0x00000007128dbdb8}> (0x00000007128dbdb8) 
thrown [s\open\src\hotspot\share\prims\jni.cpp, line 517]
Event: 0.767 Thread 0x00000173f65f7780 Exception <a 'java/lang/NoSuchMethodError'{0x0000000713832ae8}: 'java.lang.Object java.lang.invoke.DirectMethodHandle$Holder.invokeInterface(java.lang.Object, java.lang.Object)'> (0x0000000713832ae8) 
thrown [s\open\src\hotspot\share\interpreter\linkResolver.cpp, line 774]
Event: 0.987 Thread 0x00000173f65f7780 Exception <a 'java/lang/NoSuchMethodError'{0x0000000712d021b8}: 'void java.lang.invoke.DirectMethodHandle$Holder.invokeSpecial(java.lang.Object, java.lang.Object, java.lang.Object, java.lang.Object, java.lang.Object)'> (0x0000000712d021b8) 
thrown [s\open\src\hotspot\share\interpreter\linkResolver.cpp, line 774]
Event: 1.006 Thread 0x00000173f65f7780 Exception <a 'java/lang/NoSuchMethodError'{0x0000000712d23d20}: 'void java.lang.invoke.DirectMethodHandle$Holder.invokeVirtual(java.lang.Object, java.lang.Object)'> (0x0000000712d23d20) 
thrown [s\open\src\hotspot\share\interpreter\linkResolver.cpp, line 774]
Event: 1.023 Thread 0x00000173f65f7780 Exception <a 'java/lang/NoSuchMethodError'{0x0000000712d9c8a8}: 'int java.lang.invoke.DirectMethodHandle$Holder.invokeStatic(java.lang.Object, java.lang.Object, java.lang.Object, java.lang.Object)'> (0x0000000712d9c8a8) 
thrown [s\open\src\hotspot\share\interpreter\linkResolver.cpp, line 774]
Event: 1.294 Thread 0x00000173f65f7780 Exception <a 'java/lang/ClassNotFoundException'{0x000000071282dd10}: sun/awt/resources/spi/awtProvider> (0x000000071282dd10) 
thrown [s\open\src\hotspot\share\classfile\systemDictionary.cpp, line 255]

VM Operations (18 events):
Event: 0.059 Executing VM operation: HandshakeAllThreads
Event: 0.059 Executing VM operation: HandshakeAllThreads done
Event: 0.177 Executing VM operation: HandshakeAllThreads
Event: 0.177 Executing VM operation: HandshakeAllThreads done
Event: 0.343 Executing VM operation: HandshakeAllThreads
Event: 0.343 Executing VM operation: HandshakeAllThreads done
Event: 0.390 Executing VM operation: HandshakeAllThreads
Event: 0.390 Executing VM operation: HandshakeAllThreads done
Event: 0.680 Executing VM operation: ICBufferFull
Event: 0.680 Executing VM operation: ICBufferFull done
Event: 0.729 Executing VM operation: G1CollectForAllocation
Event: 0.735 Executing VM operation: G1CollectForAllocation done
Event: 0.736 Executing VM operation: HandshakeAllThreads
Event: 0.736 Executing VM operation: HandshakeAllThreads done
Event: 1.125 Executing VM operation: ICBufferFull
Event: 1.126 Executing VM operation: ICBufferFull done
Event: 1.284 Executing VM operation: HandshakeAllThreads
Event: 1.284 Executing VM operation: HandshakeAllThreads done

Events (14 events):
Event: 0.019 Thread 0x00000173f65f7780 Thread added: 0x00000173f65f7780
Event: 0.032 Thread 0x00000173998ddd00 Thread added: 0x00000173998ddd00
Event: 0.032 Thread 0x00000173998e09e0 Thread added: 0x00000173998e09e0
Event: 0.032 Thread 0x00000173998e76d0 Thread added: 0x00000173998e76d0
Event: 0.032 Thread 0x00000173998e8570 Thread added: 0x00000173998e8570
Event: 0.032 Thread 0x00000173998e9130 Thread added: 0x00000173998e9130
Event: 0.032 Thread 0x00000173998e9cf0 Thread added: 0x00000173998e9cf0
Event: 0.032 Thread 0x00000173998edc00 Thread added: 0x00000173998edc00
Event: 0.032 Thread 0x00000173998f3a90 Thread added: 0x00000173998f3a90
Event: 0.033 Thread 0x00000173998f4400 Thread added: 0x00000173998f4400
Event: 0.053 Thread 0x000001739dc9da50 Thread added: 0x000001739dc9da50
Event: 0.070 Thread 0x000001739dd73750 Thread added: 0x000001739dd73750
Event: 0.434 Thread 0x000001739e2bdb00 Thread added: 0x000001739e2bdb00
Event: 0.453 Thread 0x000001739e2bfa00 Thread added: 0x000001739e2bfa00


Dynamic libraries:
0x00007ff600940000 - 0x00007ff600950000 	C:\Program Files\Java\jdk-19\bin\java.exe
0x00007ffea46b0000 - 0x00007ffea48c4000 	C:\WINDOWS\SYSTEM32\ntdll.dll
0x00007ffea2fc0000 - 0x00007ffea3082000 	C:\WINDOWS\System32\KERNEL32.DLL
0x00007ffea1e80000 - 0x00007ffea221d000 	C:\WINDOWS\System32\KERNELBASE.dll
0x00007ffea1b80000 - 0x00007ffea1c91000 	C:\WINDOWS\System32\ucrtbase.dll
0x00007ffe82570000 - 0x00007ffe8258b000 	C:\Program Files\Java\jdk-19\bin\VCRUNTIME140.dll
0x00007ffe82590000 - 0x00007ffe825a8000 	C:\Program Files\Java\jdk-19\bin\jli.dll
0x00007ffea42e0000 - 0x00007ffea438e000 	C:\WINDOWS\System32\ADVAPI32.dll
0x00007ffea2c30000 - 0x00007ffea2cd7000 	C:\WINDOWS\System32\msvcrt.dll
0x00007ffea4550000 - 0x00007ffea45f4000 	C:\WINDOWS\System32\sechost.dll
0x00007ffea2d70000 - 0x00007ffea2e85000 	C:\WINDOWS\System32\RPCRT4.dll
0x00007ffea2a70000 - 0x00007ffea2c1a000 	C:\WINDOWS\System32\USER32.dll
0x00007ffe83540000 - 0x00007ffe837ce000 	C:\WINDOWS\WinSxS\amd64_microsoft.windows.common-controls_6595b64144ccf1df_6.0.22621.436_none_a94247dbc10d8414\COMCTL32.dll
0x00007ffea2400000 - 0x00007ffea2426000 	C:\WINDOWS\System32\win32u.dll
0x00007ffea4390000 - 0x00007ffea43b9000 	C:\WINDOWS\System32\GDI32.dll
0x00007ffea22e0000 - 0x00007ffea23f2000 	C:\WINDOWS\System32\gdi32full.dll
0x00007ffea1ae0000 - 0x00007ffea1b7a000 	C:\WINDOWS\System32\msvcp_win.dll
0x00007ffe8e2e0000 - 0x00007ffe8e2ea000 	C:\WINDOWS\SYSTEM32\VERSION.dll
0x00007ffea2f80000 - 0x00007ffea2fb2000 	C:\WINDOWS\System32\IMM32.DLL
0x00007ffe925f0000 - 0x00007ffe925fc000 	C:\Program Files\Java\jdk-19\bin\vcruntime140_1.dll
0x00007ffe74300000 - 0x00007ffe7438e000 	C:\Program Files\Java\jdk-19\bin\msvcp140.dll
0x00007ffe1fd60000 - 0x00007ffe20a20000 	C:\Program Files\Java\jdk-19\bin\server\jvm.dll
0x00007ffe83bc0000 - 0x00007ffe83bc9000 	C:\WINDOWS\SYSTEM32\WSOCK32.dll
0x00007ffea2e90000 - 0x00007ffea2f01000 	C:\WINDOWS\System32\WS2_32.dll
0x00007ffe94930000 - 0x00007ffe94964000 	C:\WINDOWS\SYSTEM32\WINMM.dll
0x00007ffea0c10000 - 0x00007ffea0c28000 	C:\WINDOWS\SYSTEM32\kernel.appcore.dll
0x00007ffe92530000 - 0x00007ffe9253a000 	C:\Program Files\Java\jdk-19\bin\jimage.dll
0x00007ffe9f670000 - 0x00007ffe9f89e000 	C:\WINDOWS\SYSTEM32\DBGHELP.DLL
0x00007ffea3f30000 - 0x00007ffea42ba000 	C:\WINDOWS\System32\combase.dll
0x00007ffea2680000 - 0x00007ffea2757000 	C:\WINDOWS\System32\OLEAUT32.dll
0x00007ffe7bf60000 - 0x00007ffe7bf92000 	C:\WINDOWS\SYSTEM32\dbgcore.DLL
0x00007ffea2430000 - 0x00007ffea24ab000 	C:\WINDOWS\System32\bcryptPrimitives.dll
0x00007ffe7ec70000 - 0x00007ffe7ec96000 	C:\Program Files\Java\jdk-19\bin\java.dll
0x00007ffe64980000 - 0x00007ffe64a57000 	C:\Program Files\Java\jdk-19\bin\jsvml.dll
0x00007ffea3090000 - 0x00007ffea3870000 	C:\WINDOWS\System32\SHELL32.dll
0x00007ffe9fae0000 - 0x00007ffea03a5000 	C:\WINDOWS\SYSTEM32\windows.storage.dll
0x00007ffe9f9a0000 - 0x00007ffe9fade000 	C:\WINDOWS\SYSTEM32\wintypes.dll
0x00007ffea27d0000 - 0x00007ffea28c1000 	C:\WINDOWS\System32\SHCORE.dll
0x00007ffea2770000 - 0x00007ffea27ce000 	C:\WINDOWS\System32\shlwapi.dll
0x00007ffea1a10000 - 0x00007ffea1a31000 	C:\WINDOWS\SYSTEM32\profapi.dll
0x00007ffe82550000 - 0x00007ffe82563000 	C:\Program Files\Java\jdk-19\bin\net.dll
0x00007ffe98640000 - 0x00007ffe9876f000 	C:\WINDOWS\SYSTEM32\WINHTTP.dll
0x00007ffea1080000 - 0x00007ffea10e9000 	C:\WINDOWS\system32\mswsock.dll
0x00007ffe7e8d0000 - 0x00007ffe7e8e6000 	C:\Program Files\Java\jdk-19\bin\nio.dll
0x00007ffe7e9f0000 - 0x00007ffe7ea08000 	C:\Program Files\Java\jdk-19\bin\zip.dll
0x00007ffe28660000 - 0x00007ffe287f1000 	C:\Program Files\Java\jdk-19\bin\awt.dll
0x00007ffe9e580000 - 0x00007ffe9e617000 	C:\WINDOWS\SYSTEM32\apphelp.dll

dbghelp: loaded successfully - version: 4.0.5 - missing functions: none
symbol engine: initialized successfully - sym options: 0x614 - pdb path: .;C:\Program Files\Java\jdk-19\bin;C:\WINDOWS\SYSTEM32;C:\WINDOWS\WinSxS\amd64_microsoft.windows.common-controls_6595b64144ccf1df_6.0.22621.436_none_a94247dbc10d8414;C:\Program Files\Java\jdk-19\bin\server

VM Arguments:
jvm_args: --add-modules=ALL-DEFAULT 
java_command: jdk.compiler/com.sun.tools.javac.launcher.Main .\PomAndHoneyGUI.java
java_class_path (initial): .;forms_rt.jar;postgresql-42.2.8.jar
Launcher Type: SUN_STANDARD

[Global flags]
     intx CICompilerCount                          = 4                                         {product} {ergonomic}
     uint ConcGCThreads                            = 2                                         {product} {ergonomic}
     uint G1ConcRefinementThreads                  = 8                                         {product} {ergonomic}
   size_t G1HeapRegionSize                         = 2097152                                   {product} {ergonomic}
    uintx GCDrainStackTargetSize                   = 64                                        {product} {ergonomic}
   size_t InitialHeapSize                          = 266338304                                 {product} {ergonomic}
   size_t MarkStackSize                            = 4194304                                   {product} {ergonomic}
   size_t MaxHeapSize                              = 4232052736                                {product} {ergonomic}
   size_t MaxNewSize                               = 2537553920                                {product} {ergonomic}
   size_t MinHeapDeltaBytes                        = 2097152                                   {product} {ergonomic}
   size_t MinHeapSize                              = 8388608                                   {product} {ergonomic}
    uintx NonNMethodCodeHeapSize                   = 5839372                                {pd product} {ergonomic}
    uintx NonProfiledCodeHeapSize                  = 122909434                              {pd product} {ergonomic}
    uintx ProfiledCodeHeapSize                     = 122909434                              {pd product} {ergonomic}
    uintx ReservedCodeCacheSize                    = 251658240                              {pd product} {ergonomic}
     bool SegmentedCodeCache                       = true                                      {product} {ergonomic}
   size_t SoftMaxHeapSize                          = 4232052736                             {manageable} {ergonomic}
     bool UseCompressedClassPointers               = true                           {product lp64_product} {ergonomic}
     bool UseCompressedOops                        = true                           {product lp64_product} {ergonomic}
     bool UseG1GC                                  = true                                      {product} {ergonomic}
     bool UseLargePagesIndividualAllocation        = false                                  {pd product} {ergonomic}

Logging:
Log output configuration:
 #0: stdout all=warning uptime,level,tags foldmultilines=false
 #1: stderr all=off uptime,level,tags foldmultilines=false

Environment Variables:
PATH=C:\Program Files\Common Files\Oracle\Java\javapath;C:\Python36-32\Scripts\;C:\Python36-32\;C:\Program Files (x86)\Razer Chroma SDK\bin;C:\Program Files\Razer Chroma SDK\bin;C:\Program Files (x86)\Razer\ChromaBroadcast\bin;C:\Program Files\Razer\ChromaBroadcast\bin;C:\Program Files (x86)\Common Files\Oracle\Java\javapath;C:\Windows\system32;C:\Windows;C:\Windows\System32\Wbem;C:\Windows\System32\WindowsPowerShell\v1.0\;C:\Windows\System32\OpenSSH\;C:\MinGW\bin;C:\Program Files\Wolfram Research\WolframScript\;C:\Windows\system32\config\systemprofile\AppData\Local\Microsoft\WindowsApps;C:\Program Files\Docker\Docker\resources\bin;C:\ProgramData\DockerDesktop\version-bin;C:\WINDOWS\system32;C:\WINDOWS;C:\WINDOWS\System32\Wbem;C:\WINDOWS\System32\WindowsPowerShell\v1.0\;C:\WINDOWS\System32\OpenSSH\;C:\Program Files\nodejs\;C:\Program Files (x86)\Vim\vim82;C:\Program Files (x86)\Neovim\bin;C:\ProgramData\chocolatey\bin;C:\Program Files\CMake\bin;C:\Program Files\LLVM\bin;C:\Program Files\Microsoft SQL Server\150\Tools\Binn\;C:\Program Files\Microsoft SQL Server\Client SDK\ODBC\170\Tools\Binn\;C:\Program Files (x86)\neovide\target\release;C:\Program Files (x86)\Bitvise SSH Client;C:\Program Files\PuTTY\;C:\Program Files\dotnet\;C:\WINDOWS\system32;C:\WINDOWS;C:\WINDOWS\System32\Wbem;C:\WINDOWS\System32\WindowsPowerShell\v1.0\;C:\WINDOWS\System32\OpenSSH\;C:\Program Files\Git\cmd;C:\Users\john5\AppData\Local\Programs\Python\Launcher\;C:\Users\john5\.cargo\bin;C:\Users\john5\AppData\Local\Microsoft\WindowsApps;C:\Users\john5\AppData\Local\Programs\Microsoft VS Code\bin;C:\Program Files\JetBrains\PyCharm 2020.3.2\bin;C:\Users\john5\AppData\Roaming\npm;C:\Users\john5\.dotnet\tools;C:\Users\john5\AppData\Local\GitHubDesktop\bin;C:\ProgramData\john5\GitHubDesktop\bin;C:\Users\john5\AppData\Local\JetBrains\Toolbox\scripts;
USERNAME=john5
OS=Windows_NT
PROCESSOR_IDENTIFIER=Intel64 Family 6 Model 140 Stepping 1, GenuineIntel
TMP=C:\Users\john5\AppData\Local\Temp
TEMP=C:\Users\john5\AppData\Local\Temp



---------------  S Y S T E M  ---------------

OS:
 Windows 11 , 64 bit Build 22621 (10.0.22621.746)
OS uptime: 0 days 7:20 hours
Hyper-V role detected

CPU: total 8 (initial active 8) (4 cores per cpu, 2 threads per core) family 6 model 140 stepping 1 microcode 0x60, cx8, cmov, fxsr, ht, mmx, 3dnowpref, sse, sse2, sse3, ssse3, sse4.1, sse4.2, popcnt, lzcnt, tsc, tscinvbit, avx, avx2, aes, erms, clmul, bmi1, bmi2, adx, avx512f, avx512dq, avx512cd, avx512bw, avx512vl, sha, fma, vzeroupper, avx512_vpopcntdq, avx512_vpclmulqdq, avx512_vaes, avx512_vnni, clflush, clflushopt, clwb, avx512_vbmi2, avx512_vbmi, hv, rdtscp, rdpid, fsrm, gfni, avx512_bitalg

Memory: 4k page, system-wide physical 16138M (2212M free)
TotalPageFile size 65290M (AvailPageFile size 5M)
current process WorkingSet (physical memory assigned to process): 112M, peak: 112M
current process commit charge ("private bytes"): 381M, peak: 382M

vm_info: Java HotSpot(TM) 64-Bit Server VM (19+36-2238) for windows-amd64 JRE (19+36-2238), built on 2022-08-12T20:29:01Z by "mach5one" with MS VC++ 17.1 (VS2022)

END.
