#
# There is insufficient memory for the Java Runtime Environment to continue.
# Native memory allocation (malloc) failed to allocate 133072 bytes for Chunk::new
# Possible reasons:
#   The system is out of physical RAM or swap space
#   The process is running with CompressedOops enabled, and the Java Heap may be blocking the growth of the native heap
# Possible solutions:
#   Reduce memory load on the system
#   Increase physical memory or swap space
#   Check if swap backing store is full
#   Decrease Java heap size (-Xmx/-Xms)
#   Decrease number of Java threads
#   Decrease Java thread stack sizes (-Xss)
#   Set larger code cache with -XX:ReservedCodeCacheSize=
#   JVM is running with Zero Based Compressed Oops mode in which the Java heap is
#     placed in the first 32GB address space. The Java Heap base address is the
#     maximum limit for the native heap growth. Please use -XX:HeapBaseMinAddress
#     to set the Java Heap base and to place the Java Heap above 32GB virtual address.
# This output file may be truncated or incomplete.
#
#  Out of Memory Error (arena.cpp:184), pid=1408, tid=1548
#
# JRE version: Java(TM) SE Runtime Environment (19.0+36) (build 19+36-2238)
# Java VM: Java HotSpot(TM) 64-Bit Server VM (19+36-2238, mixed mode, sharing, tiered, compressed oops, compressed class ptrs, g1 gc, windows-amd64)
# No core dump will be written. Minidumps are not enabled by default on client versions of Windows
#

---------------  S U M M A R Y ------------

Command Line: --add-modules=ALL-DEFAULT jdk.compiler/com.sun.tools.javac.launcher.Main .\PomAndHoneyGUI.java

Host: 11th Gen Intel(R) Core(TM) i7-1165G7 @ 2.80GHz, 8 cores, 15G,  Windows 11 , 64 bit Build 22621 (10.0.22621.746)
Time: Sun Oct 16 17:59:43 2022 Central Daylight Time elapsed time: 0.987830 seconds (0d 0h 0m 0s)

---------------  T H R E A D  ---------------

Current thread (0x000001f78f5a1410):  JavaThread "C2 CompilerThread2" daemon [_thread_in_native, id=1548, stack(0x00000012ae500000,0x00000012ae600000)]


Current CompileTask:
C2:    987 1327       4       java.util.regex.Pattern::atom (422 bytes)

Stack: [0x00000012ae500000,0x00000012ae600000]
Native frames: (J=compiled Java code, j=interpreted, Vv=VM code, C=native code)
V  [jvm.dll+0x6ee8fa]
V  [jvm.dll+0x857a1e]
V  [jvm.dll+0x85940e]
V  [jvm.dll+0x859ac3]
V  [jvm.dll+0x28291f]
V  [jvm.dll+0xc9b5f]
V  [jvm.dll+0xc9ee5]
V  [jvm.dll+0x3bcbac]
V  [jvm.dll+0x1ee31a]
V  [jvm.dll+0x24c41b]
V  [jvm.dll+0x24b671]
V  [jvm.dll+0x1d6d61]
V  [jvm.dll+0x25b0fa]
V  [jvm.dll+0x259588]
V  [jvm.dll+0x807928]
V  [jvm.dll+0x8015fa]
V  [jvm.dll+0x6ed5eb]
C  [ucrtbase.dll+0x29363]
C  [KERNEL32.DLL+0x1244d]
C  [ntdll.dll+0x5dfb8]


---------------  P R O C E S S  ---------------

Threads class SMR info:
_java_thread_list=0x000001f78f57b480, length=14, elements={
0x000001f7e78dad30, 0x000001f78ac1f410, 0x000001f78ac1fd40, 0x000001f78ac229c0,
0x000001f78ac25300, 0x000001f78ac25dd0, 0x000001f78ac268a0, 0x000001f78ac27be0,
0x000001f78ac2fc10, 0x000001f78ac38da0, 0x000001f78f0ddff0, 0x000001f78f1495d0,
0x000001f78f677d60, 0x000001f78f5a1410
}

Java Threads: ( => current thread )
  0x000001f7e78dad30 JavaThread "main" [_thread_blocked, id=15148, stack(0x00000012ad100000,0x00000012ad200000)]
  0x000001f78ac1f410 JavaThread "Reference Handler" daemon [_thread_blocked, id=3528, stack(0x00000012ad800000,0x00000012ad900000)]
  0x000001f78ac1fd40 JavaThread "Finalizer" daemon [_thread_blocked, id=3352, stack(0x00000012ad900000,0x00000012ada00000)]
  0x000001f78ac229c0 JavaThread "Signal Dispatcher" daemon [_thread_blocked, id=5580, stack(0x00000012ada00000,0x00000012adb00000)]
  0x000001f78ac25300 JavaThread "Attach Listener" daemon [_thread_blocked, id=352, stack(0x00000012adb00000,0x00000012adc00000)]
  0x000001f78ac25dd0 JavaThread "Service Thread" daemon [_thread_blocked, id=8672, stack(0x00000012adc00000,0x00000012add00000)]
  0x000001f78ac268a0 JavaThread "Monitor Deflation Thread" daemon [_thread_blocked, id=18812, stack(0x00000012add00000,0x00000012ade00000)]
  0x000001f78ac27be0 JavaThread "C2 CompilerThread0" daemon [_thread_in_native, id=9196, stack(0x00000012ade00000,0x00000012adf00000)]
  0x000001f78ac2fc10 JavaThread "C1 CompilerThread0" daemon [_thread_in_native, id=9448, stack(0x00000012adf00000,0x00000012ae000000)]
  0x000001f78ac38da0 JavaThread "Sweeper thread" daemon [_thread_blocked, id=18740, stack(0x00000012ae000000,0x00000012ae100000)]
  0x000001f78f0ddff0 JavaThread "Common-Cleaner" daemon [_thread_blocked, id=9004, stack(0x00000012ae100000,0x00000012ae200000)]
  0x000001f78f1495d0 JavaThread "Notification Thread" daemon [_thread_blocked, id=17864, stack(0x00000012ae200000,0x00000012ae300000)]
  0x000001f78f677d60 JavaThread "C2 CompilerThread1" daemon [_thread_in_native, id=8680, stack(0x00000012ae400000,0x00000012ae500000)]
=>0x000001f78f5a1410 JavaThread "C2 CompilerThread2" daemon [_thread_in_native, id=1548, stack(0x00000012ae500000,0x00000012ae600000)]

Other Threads:
  0x000001f78ac0a420 VMThread "VM Thread" [stack: 0x00000012ad700000,0x00000012ad800000] [id=2676]
  0x000001f78f175270 WatcherThread "VM Periodic Task Thread" [stack: 0x00000012ae300000,0x00000012ae400000] [id=20428]
  0x000001f7e7948fa0 WorkerThread "GC Thread#0" [stack: 0x00000012ad200000,0x00000012ad300000] [id=10660]
  0x000001f78f702180 WorkerThread "GC Thread#1" [stack: 0x00000012ae600000,0x00000012ae700000] [id=4236]
  0x000001f78fa03f90 WorkerThread "GC Thread#2" [stack: 0x00000012ae700000,0x00000012ae800000] [id=16800]
  0x000001f78fa04260 WorkerThread "GC Thread#3" [stack: 0x00000012ae800000,0x00000012ae900000] [id=5092]
  0x000001f78fa04530 WorkerThread "GC Thread#4" [stack: 0x00000012ae900000,0x00000012aea00000] [id=15580]
  0x000001f78fa04800 WorkerThread "GC Thread#5" [stack: 0x00000012aea00000,0x00000012aeb00000] [id=11128]
  0x000001f78f964770 WorkerThread "GC Thread#6" [stack: 0x00000012aeb00000,0x00000012aec00000] [id=18608]
  0x000001f7e7959950 ConcurrentGCThread "G1 Main Marker" [stack: 0x00000012ad300000,0x00000012ad400000] [id=8296]
  0x000001f7e795a190 WorkerThread "G1 Conc#0" [stack: 0x00000012ad400000,0x00000012ad500000] [id=7524]
  0x000001f78aac32c0 ConcurrentGCThread "G1 Refine#0" [stack: 0x00000012ad500000,0x00000012ad600000] [id=18732]
  0x000001f78aac3c10 ConcurrentGCThread "G1 Service" [stack: 0x00000012ad600000,0x00000012ad700000] [id=14596]

Threads with active compile tasks:
C2 CompilerThread0     1003 1332       4       java.util.regex.Pattern::escape (1327 bytes)
C1 CompilerThread0     1003 1392       3       com.sun.tools.javac.code.Scope$ScopeImpl$$Lambda$151/0x00000008011197b8::<init> (26 bytes)
C2 CompilerThread1     1003 1271       4       jdk.internal.jrtfs.JrtPath::getFileName (78 bytes)
C2 CompilerThread2     1003 1327       4       java.util.regex.Pattern::atom (422 bytes)

VM state: not at safepoint (normal execution)

VM Mutex/Monitor currently owned by a thread: None

Heap address: 0x0000000703c00000, size: 4036 MB, Compressed Oops mode: Zero based, Oop shift amount: 3

CDS archive(s) mapped at: [0x0000000800000000-0x0000000800c40000-0x0000000800c40000), size 12845056, SharedBaseAddress: 0x0000000800000000, ArchiveRelocationMode: 0.
Compressed class space mapped at: 0x0000000801000000-0x0000000841000000, reserved size: 1073741824
Narrow klass base: 0x0000000800000000, Narrow klass shift: 0, Narrow klass range: 0x100000000

GC Precious Log:
 CardTable entry size: 512
 Card Set container configuration: InlinePtr #cards 4 size 8 Array Of Cards #cards 8 size 32 Howl #buckets 8 coarsen threshold 3686 Howl Bitmap #cards 512 size 80 coarsen threshold 460 Card regions per heap region 1 cards per card region 4096
 CPUs: 8 total, 8 available
 Memory: 16138M
 Large Page Support: Disabled
 NUMA Support: Disabled
 Compressed Oops: Enabled (Zero based)
 Heap Region Size: 2M
 Heap Min Capacity: 8M
 Heap Initial Capacity: 254M
 Heap Max Capacity: 4036M
 Pre-touch: Disabled
 Parallel Workers: 8
 Concurrent Workers: 2
 Concurrent Refinement Workers: 8
 Periodic GC: Disabled

Heap:
 garbage-first heap   total 260096K, used 11322K [0x0000000703c00000, 0x0000000800000000)
  region size 2048K, 6 young (12288K), 2 survivors (4096K)
 Metaspace       used 9419K, committed 9600K, reserved 1114112K
  class space    used 1066K, committed 1152K, reserved 1048576K

Heap Regions: E=young(eden), S=young(survivor), O=old, HS=humongous(starts), HC=humongous(continues), CS=collection set, F=free, OA=open archive, CA=closed archive, TAMS=top-at-mark-start (previous, next)
|   0|0x0000000703c00000, 0x0000000703d0e800, 0x0000000703e00000| 52%| O|  |TAMS 0x0000000703c00000, 0x0000000703c00000| Untracked 
|   1|0x0000000703e00000, 0x0000000703e00000, 0x0000000704000000|  0%| F|  |TAMS 0x0000000703e00000, 0x0000000703e00000| Untracked 
|   2|0x0000000704000000, 0x0000000704000000, 0x0000000704200000|  0%| F|  |TAMS 0x0000000704000000, 0x0000000704000000| Untracked 
|   3|0x0000000704200000, 0x0000000704200000, 0x0000000704400000|  0%| F|  |TAMS 0x0000000704200000, 0x0000000704200000| Untracked 
|   4|0x0000000704400000, 0x0000000704400000, 0x0000000704600000|  0%| F|  |TAMS 0x0000000704400000, 0x0000000704400000| Untracked 
|   5|0x0000000704600000, 0x0000000704600000, 0x0000000704800000|  0%| F|  |TAMS 0x0000000704600000, 0x0000000704600000| Untracked 
|   6|0x0000000704800000, 0x0000000704800000, 0x0000000704a00000|  0%| F|  |TAMS 0x0000000704800000, 0x0000000704800000| Untracked 
|   7|0x0000000704a00000, 0x0000000704a00000, 0x0000000704c00000|  0%| F|  |TAMS 0x0000000704a00000, 0x0000000704a00000| Untracked 
|   8|0x0000000704c00000, 0x0000000704c00000, 0x0000000704e00000|  0%| F|  |TAMS 0x0000000704c00000, 0x0000000704c00000| Untracked 
|   9|0x0000000704e00000, 0x0000000704e00000, 0x0000000705000000|  0%| F|  |TAMS 0x0000000704e00000, 0x0000000704e00000| Untracked 
|  10|0x0000000705000000, 0x0000000705000000, 0x0000000705200000|  0%| F|  |TAMS 0x0000000705000000, 0x0000000705000000| Untracked 
|  11|0x0000000705200000, 0x0000000705200000, 0x0000000705400000|  0%| F|  |TAMS 0x0000000705200000, 0x0000000705200000| Untracked 
|  12|0x0000000705400000, 0x0000000705400000, 0x0000000705600000|  0%| F|  |TAMS 0x0000000705400000, 0x0000000705400000| Untracked 
|  13|0x0000000705600000, 0x0000000705600000, 0x0000000705800000|  0%| F|  |TAMS 0x0000000705600000, 0x0000000705600000| Untracked 
|  14|0x0000000705800000, 0x0000000705800000, 0x0000000705a00000|  0%| F|  |TAMS 0x0000000705800000, 0x0000000705800000| Untracked 
|  15|0x0000000705a00000, 0x0000000705a00000, 0x0000000705c00000|  0%| F|  |TAMS 0x0000000705a00000, 0x0000000705a00000| Untracked 
|  16|0x0000000705c00000, 0x0000000705c00000, 0x0000000705e00000|  0%| F|  |TAMS 0x0000000705c00000, 0x0000000705c00000| Untracked 
|  17|0x0000000705e00000, 0x0000000705e00000, 0x0000000706000000|  0%| F|  |TAMS 0x0000000705e00000, 0x0000000705e00000| Untracked 
|  18|0x0000000706000000, 0x0000000706000000, 0x0000000706200000|  0%| F|  |TAMS 0x0000000706000000, 0x0000000706000000| Untracked 
|  19|0x0000000706200000, 0x0000000706200000, 0x0000000706400000|  0%| F|  |TAMS 0x0000000706200000, 0x0000000706200000| Untracked 
|  20|0x0000000706400000, 0x0000000706400000, 0x0000000706600000|  0%| F|  |TAMS 0x0000000706400000, 0x0000000706400000| Untracked 
|  21|0x0000000706600000, 0x0000000706600000, 0x0000000706800000|  0%| F|  |TAMS 0x0000000706600000, 0x0000000706600000| Untracked 
|  22|0x0000000706800000, 0x0000000706800000, 0x0000000706a00000|  0%| F|  |TAMS 0x0000000706800000, 0x0000000706800000| Untracked 
|  23|0x0000000706a00000, 0x0000000706a00000, 0x0000000706c00000|  0%| F|  |TAMS 0x0000000706a00000, 0x0000000706a00000| Untracked 
|  24|0x0000000706c00000, 0x0000000706c00000, 0x0000000706e00000|  0%| F|  |TAMS 0x0000000706c00000, 0x0000000706c00000| Untracked 
|  25|0x0000000706e00000, 0x0000000706e00000, 0x0000000707000000|  0%| F|  |TAMS 0x0000000706e00000, 0x0000000706e00000| Untracked 
|  26|0x0000000707000000, 0x0000000707000000, 0x0000000707200000|  0%| F|  |TAMS 0x0000000707000000, 0x0000000707000000| Untracked 
|  27|0x0000000707200000, 0x0000000707200000, 0x0000000707400000|  0%| F|  |TAMS 0x0000000707200000, 0x0000000707200000| Untracked 
|  28|0x0000000707400000, 0x0000000707400000, 0x0000000707600000|  0%| F|  |TAMS 0x0000000707400000, 0x0000000707400000| Untracked 
|  29|0x0000000707600000, 0x0000000707600000, 0x0000000707800000|  0%| F|  |TAMS 0x0000000707600000, 0x0000000707600000| Untracked 
|  30|0x0000000707800000, 0x0000000707800000, 0x0000000707a00000|  0%| F|  |TAMS 0x0000000707800000, 0x0000000707800000| Untracked 
|  31|0x0000000707a00000, 0x0000000707a00000, 0x0000000707c00000|  0%| F|  |TAMS 0x0000000707a00000, 0x0000000707a00000| Untracked 
|  32|0x0000000707c00000, 0x0000000707c00000, 0x0000000707e00000|  0%| F|  |TAMS 0x0000000707c00000, 0x0000000707c00000| Untracked 
|  33|0x0000000707e00000, 0x0000000707e00000, 0x0000000708000000|  0%| F|  |TAMS 0x0000000707e00000, 0x0000000707e00000| Untracked 
|  34|0x0000000708000000, 0x0000000708000000, 0x0000000708200000|  0%| F|  |TAMS 0x0000000708000000, 0x0000000708000000| Untracked 
|  35|0x0000000708200000, 0x0000000708200000, 0x0000000708400000|  0%| F|  |TAMS 0x0000000708200000, 0x0000000708200000| Untracked 
|  36|0x0000000708400000, 0x0000000708400000, 0x0000000708600000|  0%| F|  |TAMS 0x0000000708400000, 0x0000000708400000| Untracked 
|  37|0x0000000708600000, 0x0000000708600000, 0x0000000708800000|  0%| F|  |TAMS 0x0000000708600000, 0x0000000708600000| Untracked 
|  38|0x0000000708800000, 0x0000000708800000, 0x0000000708a00000|  0%| F|  |TAMS 0x0000000708800000, 0x0000000708800000| Untracked 
|  39|0x0000000708a00000, 0x0000000708a00000, 0x0000000708c00000|  0%| F|  |TAMS 0x0000000708a00000, 0x0000000708a00000| Untracked 
|  40|0x0000000708c00000, 0x0000000708c00000, 0x0000000708e00000|  0%| F|  |TAMS 0x0000000708c00000, 0x0000000708c00000| Untracked 
|  41|0x0000000708e00000, 0x0000000708e00000, 0x0000000709000000|  0%| F|  |TAMS 0x0000000708e00000, 0x0000000708e00000| Untracked 
|  42|0x0000000709000000, 0x0000000709000000, 0x0000000709200000|  0%| F|  |TAMS 0x0000000709000000, 0x0000000709000000| Untracked 
|  43|0x0000000709200000, 0x0000000709200000, 0x0000000709400000|  0%| F|  |TAMS 0x0000000709200000, 0x0000000709200000| Untracked 
|  44|0x0000000709400000, 0x0000000709400000, 0x0000000709600000|  0%| F|  |TAMS 0x0000000709400000, 0x0000000709400000| Untracked 
|  45|0x0000000709600000, 0x0000000709600000, 0x0000000709800000|  0%| F|  |TAMS 0x0000000709600000, 0x0000000709600000| Untracked 
|  46|0x0000000709800000, 0x0000000709800000, 0x0000000709a00000|  0%| F|  |TAMS 0x0000000709800000, 0x0000000709800000| Untracked 
|  47|0x0000000709a00000, 0x0000000709a00000, 0x0000000709c00000|  0%| F|  |TAMS 0x0000000709a00000, 0x0000000709a00000| Untracked 
|  48|0x0000000709c00000, 0x0000000709c00000, 0x0000000709e00000|  0%| F|  |TAMS 0x0000000709c00000, 0x0000000709c00000| Untracked 
|  49|0x0000000709e00000, 0x0000000709e00000, 0x000000070a000000|  0%| F|  |TAMS 0x0000000709e00000, 0x0000000709e00000| Untracked 
|  50|0x000000070a000000, 0x000000070a000000, 0x000000070a200000|  0%| F|  |TAMS 0x000000070a000000, 0x000000070a000000| Untracked 
|  51|0x000000070a200000, 0x000000070a200000, 0x000000070a400000|  0%| F|  |TAMS 0x000000070a200000, 0x000000070a200000| Untracked 
|  52|0x000000070a400000, 0x000000070a400000, 0x000000070a600000|  0%| F|  |TAMS 0x000000070a400000, 0x000000070a400000| Untracked 
|  53|0x000000070a600000, 0x000000070a600000, 0x000000070a800000|  0%| F|  |TAMS 0x000000070a600000, 0x000000070a600000| Untracked 
|  54|0x000000070a800000, 0x000000070a800000, 0x000000070aa00000|  0%| F|  |TAMS 0x000000070a800000, 0x000000070a800000| Untracked 
|  55|0x000000070aa00000, 0x000000070aa00000, 0x000000070ac00000|  0%| F|  |TAMS 0x000000070aa00000, 0x000000070aa00000| Untracked 
|  56|0x000000070ac00000, 0x000000070ac00000, 0x000000070ae00000|  0%| F|  |TAMS 0x000000070ac00000, 0x000000070ac00000| Untracked 
|  57|0x000000070ae00000, 0x000000070ae00000, 0x000000070b000000|  0%| F|  |TAMS 0x000000070ae00000, 0x000000070ae00000| Untracked 
|  58|0x000000070b000000, 0x000000070b000000, 0x000000070b200000|  0%| F|  |TAMS 0x000000070b000000, 0x000000070b000000| Untracked 
|  59|0x000000070b200000, 0x000000070b200000, 0x000000070b400000|  0%| F|  |TAMS 0x000000070b200000, 0x000000070b200000| Untracked 
|  60|0x000000070b400000, 0x000000070b400000, 0x000000070b600000|  0%| F|  |TAMS 0x000000070b400000, 0x000000070b400000| Untracked 
|  61|0x000000070b600000, 0x000000070b600000, 0x000000070b800000|  0%| F|  |TAMS 0x000000070b600000, 0x000000070b600000| Untracked 
|  62|0x000000070b800000, 0x000000070b800000, 0x000000070ba00000|  0%| F|  |TAMS 0x000000070b800000, 0x000000070b800000| Untracked 
|  63|0x000000070ba00000, 0x000000070ba00000, 0x000000070bc00000|  0%| F|  |TAMS 0x000000070ba00000, 0x000000070ba00000| Untracked 
|  64|0x000000070bc00000, 0x000000070bc00000, 0x000000070be00000|  0%| F|  |TAMS 0x000000070bc00000, 0x000000070bc00000| Untracked 
|  65|0x000000070be00000, 0x000000070be00000, 0x000000070c000000|  0%| F|  |TAMS 0x000000070be00000, 0x000000070be00000| Untracked 
|  66|0x000000070c000000, 0x000000070c000000, 0x000000070c200000|  0%| F|  |TAMS 0x000000070c000000, 0x000000070c000000| Untracked 
|  67|0x000000070c200000, 0x000000070c200000, 0x000000070c400000|  0%| F|  |TAMS 0x000000070c200000, 0x000000070c200000| Untracked 
|  68|0x000000070c400000, 0x000000070c400000, 0x000000070c600000|  0%| F|  |TAMS 0x000000070c400000, 0x000000070c400000| Untracked 
|  69|0x000000070c600000, 0x000000070c600000, 0x000000070c800000|  0%| F|  |TAMS 0x000000070c600000, 0x000000070c600000| Untracked 
|  70|0x000000070c800000, 0x000000070c800000, 0x000000070ca00000|  0%| F|  |TAMS 0x000000070c800000, 0x000000070c800000| Untracked 
|  71|0x000000070ca00000, 0x000000070ca00000, 0x000000070cc00000|  0%| F|  |TAMS 0x000000070ca00000, 0x000000070ca00000| Untracked 
|  72|0x000000070cc00000, 0x000000070cc00000, 0x000000070ce00000|  0%| F|  |TAMS 0x000000070cc00000, 0x000000070cc00000| Untracked 
|  73|0x000000070ce00000, 0x000000070ce00000, 0x000000070d000000|  0%| F|  |TAMS 0x000000070ce00000, 0x000000070ce00000| Untracked 
|  74|0x000000070d000000, 0x000000070d000000, 0x000000070d200000|  0%| F|  |TAMS 0x000000070d000000, 0x000000070d000000| Untracked 
|  75|0x000000070d200000, 0x000000070d200000, 0x000000070d400000|  0%| F|  |TAMS 0x000000070d200000, 0x000000070d200000| Untracked 
|  76|0x000000070d400000, 0x000000070d400000, 0x000000070d600000|  0%| F|  |TAMS 0x000000070d400000, 0x000000070d400000| Untracked 
|  77|0x000000070d600000, 0x000000070d600000, 0x000000070d800000|  0%| F|  |TAMS 0x000000070d600000, 0x000000070d600000| Untracked 
|  78|0x000000070d800000, 0x000000070d800000, 0x000000070da00000|  0%| F|  |TAMS 0x000000070d800000, 0x000000070d800000| Untracked 
|  79|0x000000070da00000, 0x000000070da00000, 0x000000070dc00000|  0%| F|  |TAMS 0x000000070da00000, 0x000000070da00000| Untracked 
|  80|0x000000070dc00000, 0x000000070dc00000, 0x000000070de00000|  0%| F|  |TAMS 0x000000070dc00000, 0x000000070dc00000| Untracked 
|  81|0x000000070de00000, 0x000000070de00000, 0x000000070e000000|  0%| F|  |TAMS 0x000000070de00000, 0x000000070de00000| Untracked 
|  82|0x000000070e000000, 0x000000070e000000, 0x000000070e200000|  0%| F|  |TAMS 0x000000070e000000, 0x000000070e000000| Untracked 
|  83|0x000000070e200000, 0x000000070e200000, 0x000000070e400000|  0%| F|  |TAMS 0x000000070e200000, 0x000000070e200000| Untracked 
|  84|0x000000070e400000, 0x000000070e400000, 0x000000070e600000|  0%| F|  |TAMS 0x000000070e400000, 0x000000070e400000| Untracked 
|  85|0x000000070e600000, 0x000000070e600000, 0x000000070e800000|  0%| F|  |TAMS 0x000000070e600000, 0x000000070e600000| Untracked 
|  86|0x000000070e800000, 0x000000070e800000, 0x000000070ea00000|  0%| F|  |TAMS 0x000000070e800000, 0x000000070e800000| Untracked 
|  87|0x000000070ea00000, 0x000000070ea00000, 0x000000070ec00000|  0%| F|  |TAMS 0x000000070ea00000, 0x000000070ea00000| Untracked 
|  88|0x000000070ec00000, 0x000000070ec00000, 0x000000070ee00000|  0%| F|  |TAMS 0x000000070ec00000, 0x000000070ec00000| Untracked 
|  89|0x000000070ee00000, 0x000000070ee00000, 0x000000070f000000|  0%| F|  |TAMS 0x000000070ee00000, 0x000000070ee00000| Untracked 
|  90|0x000000070f000000, 0x000000070f000000, 0x000000070f200000|  0%| F|  |TAMS 0x000000070f000000, 0x000000070f000000| Untracked 
|  91|0x000000070f200000, 0x000000070f200000, 0x000000070f400000|  0%| F|  |TAMS 0x000000070f200000, 0x000000070f200000| Untracked 
|  92|0x000000070f400000, 0x000000070f400000, 0x000000070f600000|  0%| F|  |TAMS 0x000000070f400000, 0x000000070f400000| Untracked 
|  93|0x000000070f600000, 0x000000070f600000, 0x000000070f800000|  0%| F|  |TAMS 0x000000070f600000, 0x000000070f600000| Untracked 
|  94|0x000000070f800000, 0x000000070f800000, 0x000000070fa00000|  0%| F|  |TAMS 0x000000070f800000, 0x000000070f800000| Untracked 
|  95|0x000000070fa00000, 0x000000070fa00000, 0x000000070fc00000|  0%| F|  |TAMS 0x000000070fa00000, 0x000000070fa00000| Untracked 
|  96|0x000000070fc00000, 0x000000070fc00000, 0x000000070fe00000|  0%| F|  |TAMS 0x000000070fc00000, 0x000000070fc00000| Untracked 
|  97|0x000000070fe00000, 0x000000070fe00000, 0x0000000710000000|  0%| F|  |TAMS 0x000000070fe00000, 0x000000070fe00000| Untracked 
|  98|0x0000000710000000, 0x0000000710000000, 0x0000000710200000|  0%| F|  |TAMS 0x0000000710000000, 0x0000000710000000| Untracked 
|  99|0x0000000710200000, 0x0000000710200000, 0x0000000710400000|  0%| F|  |TAMS 0x0000000710200000, 0x0000000710200000| Untracked 
| 100|0x0000000710400000, 0x0000000710400000, 0x0000000710600000|  0%| F|  |TAMS 0x0000000710400000, 0x0000000710400000| Untracked 
| 101|0x0000000710600000, 0x0000000710600000, 0x0000000710800000|  0%| F|  |TAMS 0x0000000710600000, 0x0000000710600000| Untracked 
| 102|0x0000000710800000, 0x0000000710800000, 0x0000000710a00000|  0%| F|  |TAMS 0x0000000710800000, 0x0000000710800000| Untracked 
| 103|0x0000000710a00000, 0x0000000710a00000, 0x0000000710c00000|  0%| F|  |TAMS 0x0000000710a00000, 0x0000000710a00000| Untracked 
| 104|0x0000000710c00000, 0x0000000710c00000, 0x0000000710e00000|  0%| F|  |TAMS 0x0000000710c00000, 0x0000000710c00000| Untracked 
| 105|0x0000000710e00000, 0x0000000710e00000, 0x0000000711000000|  0%| F|  |TAMS 0x0000000710e00000, 0x0000000710e00000| Untracked 
| 106|0x0000000711000000, 0x0000000711000000, 0x0000000711200000|  0%| F|  |TAMS 0x0000000711000000, 0x0000000711000000| Untracked 
| 107|0x0000000711200000, 0x0000000711200000, 0x0000000711400000|  0%| F|  |TAMS 0x0000000711200000, 0x0000000711200000| Untracked 
| 108|0x0000000711400000, 0x0000000711400000, 0x0000000711600000|  0%| F|  |TAMS 0x0000000711400000, 0x0000000711400000| Untracked 
| 109|0x0000000711600000, 0x0000000711600000, 0x0000000711800000|  0%| F|  |TAMS 0x0000000711600000, 0x0000000711600000| Untracked 
| 110|0x0000000711800000, 0x0000000711800000, 0x0000000711a00000|  0%| F|  |TAMS 0x0000000711800000, 0x0000000711800000| Untracked 
| 111|0x0000000711a00000, 0x0000000711a00000, 0x0000000711c00000|  0%| F|  |TAMS 0x0000000711a00000, 0x0000000711a00000| Untracked 
| 112|0x0000000711c00000, 0x0000000711c00000, 0x0000000711e00000|  0%| F|  |TAMS 0x0000000711c00000, 0x0000000711c00000| Untracked 
| 113|0x0000000711e00000, 0x0000000711e00000, 0x0000000712000000|  0%| F|  |TAMS 0x0000000711e00000, 0x0000000711e00000| Untracked 
| 114|0x0000000712000000, 0x0000000712200000, 0x0000000712200000|100%| S|CS|TAMS 0x0000000712000000, 0x0000000712000000| Complete 
| 115|0x0000000712200000, 0x0000000712400000, 0x0000000712400000|100%| S|CS|TAMS 0x0000000712200000, 0x0000000712200000| Complete 
| 116|0x0000000712400000, 0x0000000712400000, 0x0000000712600000|  0%| F|  |TAMS 0x0000000712400000, 0x0000000712400000| Untracked 
| 117|0x0000000712600000, 0x0000000712600000, 0x0000000712800000|  0%| F|  |TAMS 0x0000000712600000, 0x0000000712600000| Untracked 
| 118|0x0000000712800000, 0x0000000712800000, 0x0000000712a00000|  0%| F|  |TAMS 0x0000000712800000, 0x0000000712800000| Untracked 
| 119|0x0000000712a00000, 0x0000000712a00000, 0x0000000712c00000|  0%| F|  |TAMS 0x0000000712a00000, 0x0000000712a00000| Untracked 
| 120|0x0000000712c00000, 0x0000000712c00000, 0x0000000712e00000|  0%| F|  |TAMS 0x0000000712c00000, 0x0000000712c00000| Untracked 
| 121|0x0000000712e00000, 0x0000000712e00000, 0x0000000713000000|  0%| F|  |TAMS 0x0000000712e00000, 0x0000000712e00000| Untracked 
| 122|0x0000000713000000, 0x0000000713000000, 0x0000000713200000|  0%| F|  |TAMS 0x0000000713000000, 0x0000000713000000| Untracked 
| 123|0x0000000713200000, 0x0000000713363c18, 0x0000000713400000| 69%| E|  |TAMS 0x0000000713200000, 0x0000000713200000| Complete 
| 124|0x0000000713400000, 0x0000000713600000, 0x0000000713600000|100%| E|CS|TAMS 0x0000000713400000, 0x0000000713400000| Complete 
| 125|0x0000000713600000, 0x0000000713800000, 0x0000000713800000|100%| E|CS|TAMS 0x0000000713600000, 0x0000000713600000| Complete 
| 126|0x0000000713800000, 0x0000000713a00000, 0x0000000713a00000|100%| E|CS|TAMS 0x0000000713800000, 0x0000000713800000| Complete 

Card table byte_map: [0x000001f7ff340000,0x000001f7ffb30000] _byte_map_base: 0x000001f7fbb22000

Marking Bits (Prev, Next): (CMBitMap*) 0x000001f7e79493e0, (CMBitMap*) 0x000001f7e7949420
 Prev Bits: [0x000001f7807f0000, 0x000001f784700000)
 Next Bits: [0x000001f784700000, 0x000001f788610000)

Polling page: 0x000001f7e58a0000

Metaspace:

Usage:
  Non-class:      8.18 MB used.
      Class:      1.04 MB used.
       Both:      9.23 MB used.

Virtual space:
  Non-class space:       64.00 MB reserved,       8.25 MB ( 13%) committed,  1 nodes.
      Class space:        1.00 GB reserved,       1.12 MB ( <1%) committed,  1 nodes.
             Both:        1.06 GB reserved,       9.38 MB ( <1%) committed. 

Chunk freelists:
   Non-Class:  1.70 MB
       Class:  2.84 MB
        Both:  4.55 MB

MaxMetaspaceSize: unlimited
CompressedClassSpaceSize: 1.00 GB
Initial GC threshold: 21.00 MB
Current GC threshold: 21.00 MB
CDS: on
MetaspaceReclaimPolicy: balanced
 - commit_granule_bytes: 65536.
 - commit_granule_words: 8192.
 - virtual_space_node_default_size: 8388608.
 - enlarge_chunks_in_place: 1.
 - new_chunks_are_fully_committed: 0.
 - uncommit_free_chunks: 1.
 - use_allocation_guard: 0.


Internal statistics:

num_allocs_failed_limit: 0.
num_arena_births: 74.
num_arena_deaths: 0.
num_vsnodes_births: 2.
num_vsnodes_deaths: 0.
num_space_committed: 150.
num_space_uncommitted: 0.
num_chunks_returned_to_freelist: 0.
num_chunks_taken_from_freelist: 387.
num_chunk_merges: 0.
num_chunk_splits: 272.
num_chunks_enlarged: 214.
num_inconsistent_stats: 0.

CodeHeap 'non-profiled nmethods': size=120000Kb used=434Kb max_used=434Kb free=119565Kb
 bounds [0x000001f7f72f0000, 0x000001f7f7560000, 0x000001f7fe820000]
CodeHeap 'profiled nmethods': size=120000Kb used=2322Kb max_used=2322Kb free=117677Kb
 bounds [0x000001f7ef820000, 0x000001f7efa90000, 0x000001f7f6d50000]
CodeHeap 'non-nmethods': size=5760Kb used=1274Kb max_used=1306Kb free=4486Kb
 bounds [0x000001f7f6d50000, 0x000001f7f6fc0000, 0x000001f7f72f0000]
 total_blobs=1842 nmethods=1381 adapters=371
 compilation: enabled
              stopped_count=0, restarted_count=0
 full_count=0

Compilation events (20 events):
Event: 0.979 Thread 0x000001f78ac27be0 nmethod 1326 0x000001f7f7357790 code [0x000001f7f7357920, 0x000001f7f7357bd8]
Event: 0.979 Thread 0x000001f78ac27be0 1287       4       com.sun.tools.javac.util.Name::getBytes (18 bytes)
Event: 0.979 Thread 0x000001f78ac2fc10 nmethod 1360 0x000001f7efa4f890 code [0x000001f7efa4fa20, 0x000001f7efa4fb38]
Event: 0.979 Thread 0x000001f78ac2fc10 1222       3       com.sun.tools.javac.file.PathFileObject::removeExtension (24 bytes)
Event: 0.980 Thread 0x000001f78ac2fc10 nmethod 1222 0x000001f7efa4fc10 code [0x000001f7efa4fde0, 0x000001f7efa50118]
Event: 0.980 Thread 0x000001f78ac2fc10 1363       3       java.lang.invoke.Invokers$Holder::linkToTargetMethod (13 bytes)
Event: 0.980 Thread 0x000001f78ac2fc10 nmethod 1363 0x000001f7efa50290 code [0x000001f7efa50440, 0x000001f7efa506f8]
Event: 0.980 Thread 0x000001f78ac2fc10 1364       3       java.lang.invoke.LambdaForm$DMH/0x00000008010dc400::newInvokeSpecial (30 bytes)
Event: 0.980 Thread 0x000001f78ac2fc10 nmethod 1364 0x000001f7efa50810 code [0x000001f7efa50a00, 0x000001f7efa50fa8]
Event: 0.980 Thread 0x000001f78ac2fc10 1368       3       com.sun.tools.javac.code.Types$DefaultTypeVisitor::visit (7 bytes)
Event: 0.981 Thread 0x000001f78ac2fc10 nmethod 1368 0x000001f7efa51190 code [0x000001f7efa51340, 0x000001f7efa51528]
Event: 0.981 Thread 0x000001f78ac2fc10 1372       3       java.lang.Boolean::valueOf (14 bytes)
Event: 0.982 Thread 0x000001f78ac2fc10 nmethod 1372 0x000001f7efa51610 code [0x000001f7efa517c0, 0x000001f7efa51938]
Event: 0.982 Thread 0x000001f78ac2fc10 1369       3       com.sun.tools.javac.code.Types::supertype (12 bytes)
Event: 0.983 Thread 0x000001f78ac2fc10 nmethod 1369 0x000001f7efa51a10 code [0x000001f7efa51be0, 0x000001f7efa51f28]
Event: 0.983 Thread 0x000001f78ac2fc10 1370       3       com.sun.tools.javac.code.Types$15::visitClassType (10 bytes)
Event: 0.983 Thread 0x000001f78ac27be0 nmethod 1287 0x000001f7f7357e90 code [0x000001f7f7358020, 0x000001f7f7358198]
Event: 0.984 Thread 0x000001f78ac2fc10 nmethod 1370 0x000001f7efa52090 code [0x000001f7efa52240, 0x000001f7efa524a8]
Event: 0.984 Thread 0x000001f78ac27be0 1279       4       java.lang.String::endsWith (15 bytes)
Event: 0.985 Thread 0x000001f78ac2fc10 1371       3       com.sun.tools.javac.code.Types$15::visitClassType (130 bytes)

GC Heap History (2 events):
Event: 0.800 GC heap before
{Heap before GC invocations=0 (full 0):
 garbage-first heap   total 260096K, used 22528K [0x0000000703c00000, 0x0000000800000000)
  region size 2048K, 11 young (22528K), 0 survivors (0K)
 Metaspace       used 9020K, committed 9216K, reserved 1114112K
  class space    used 1015K, committed 1088K, reserved 1048576K
}
Event: 0.805 GC heap after
{Heap after GC invocations=1 (full 0):
 garbage-first heap   total 260096K, used 5178K [0x0000000703c00000, 0x0000000800000000)
  region size 2048K, 2 young (4096K), 2 survivors (4096K)
 Metaspace       used 9020K, committed 9216K, reserved 1114112K
  class space    used 1015K, committed 1088K, reserved 1048576K
}

Dll operation events (6 events):
Event: 0.009 Loaded shared library C:\Program Files\Java\jdk-19\bin\java.dll
Event: 0.019 Loaded shared library C:\Program Files\Java\jdk-19\bin\jsvml.dll
Event: 0.074 Loaded shared library C:\Program Files\Java\jdk-19\bin\jimage.dll
Event: 0.085 Loaded shared library C:\Program Files\Java\jdk-19\bin\net.dll
Event: 0.087 Loaded shared library C:\Program Files\Java\jdk-19\bin\nio.dll
Event: 0.148 Loaded shared library C:\Program Files\Java\jdk-19\bin\zip.dll

Deoptimization events (20 events):
Event: 0.581 Thread 0x000001f7e78dad30 Uncommon trap: trap_request=0xffffffde fr.pc=0x000001f7f7328444 relative=0x0000000000000284
Event: 0.581 Thread 0x000001f7e78dad30 Uncommon trap: reason=class_check action=maybe_recompile pc=0x000001f7f7328444 method=java.util.HashMap.getNode(Ljava/lang/Object;)Ljava/util/HashMap$Node; @ 128 c2
Event: 0.581 Thread 0x000001f7e78dad30 DEOPT PACKING pc=0x000001f7f7328444 sp=0x00000012ad1fdef0
Event: 0.581 Thread 0x000001f7e78dad30 DEOPT UNPACKING pc=0x000001f7f6dba5a3 sp=0x00000012ad1fde58 mode 2
Event: 0.711 Thread 0x000001f7e78dad30 Uncommon trap: trap_request=0xffffffde fr.pc=0x000001f7f73301d0 relative=0x0000000000000290
Event: 0.711 Thread 0x000001f7e78dad30 Uncommon trap: reason=class_check action=maybe_recompile pc=0x000001f7f73301d0 method=java.util.HashMap.getNode(Ljava/lang/Object;)Ljava/util/HashMap$Node; @ 128 c2
Event: 0.711 Thread 0x000001f7e78dad30 DEOPT PACKING pc=0x000001f7f73301d0 sp=0x00000012ad1fdbc0
Event: 0.711 Thread 0x000001f7e78dad30 DEOPT UNPACKING pc=0x000001f7f6dba5a3 sp=0x00000012ad1fdac8 mode 2
Event: 0.764 Thread 0x000001f7e78dad30 Uncommon trap: trap_request=0xffffff45 fr.pc=0x000001f7f732a980 relative=0x0000000000000060
Event: 0.764 Thread 0x000001f7e78dad30 Uncommon trap: reason=unstable_if action=reinterpret pc=0x000001f7f732a980 method=com.sun.tools.javac.jvm.PoolReader.sizeof(I)I @ 1 c2
Event: 0.765 Thread 0x000001f7e78dad30 DEOPT PACKING pc=0x000001f7f732a980 sp=0x00000012ad1fdf80
Event: 0.765 Thread 0x000001f7e78dad30 DEOPT UNPACKING pc=0x000001f7f6dba5a3 sp=0x00000012ad1fdf10 mode 2
Event: 0.807 Thread 0x000001f78f0ddff0 Uncommon trap: trap_request=0xffffff45 fr.pc=0x000001f7f7338964 relative=0x0000000000000144
Event: 0.807 Thread 0x000001f78f0ddff0 Uncommon trap: reason=unstable_if action=reinterpret pc=0x000001f7f7338964 method=java.util.concurrent.locks.ReentrantLock$NonfairSync.initialTryLock()Z @ 10 c2
Event: 0.807 Thread 0x000001f78f0ddff0 DEOPT PACKING pc=0x000001f7f7338964 sp=0x00000012ae1ff600
Event: 0.807 Thread 0x000001f78f0ddff0 DEOPT UNPACKING pc=0x000001f7f6dba5a3 sp=0x00000012ae1ff5a8 mode 2
Event: 0.870 Thread 0x000001f7e78dad30 Uncommon trap: trap_request=0xffffff45 fr.pc=0x000001f7f7352c68 relative=0x0000000000000048
Event: 0.870 Thread 0x000001f7e78dad30 Uncommon trap: reason=unstable_if action=reinterpret pc=0x000001f7f7352c68 method=com.sun.tools.javac.util.ArrayUtils.ensureCapacity([BI)[B @ 3 c2
Event: 0.870 Thread 0x000001f7e78dad30 DEOPT PACKING pc=0x000001f7f7352c68 sp=0x00000012ad1fdec0
Event: 0.870 Thread 0x000001f7e78dad30 DEOPT UNPACKING pc=0x000001f7f6dba5a3 sp=0x00000012ad1fde48 mode 2

Classes loaded (20 events):
Event: 0.645 Loading class java/nio/file/Files$2
Event: 0.645 Loading class java/nio/file/Files$2 done
Event: 0.645 Loading class java/util/ImmutableCollections$Access
Event: 0.645 Loading class java/util/ImmutableCollections$Access done
Event: 0.645 Loading class java/util/ImmutableCollections$Access$1
Event: 0.645 Loading class jdk/internal/access/JavaUtilCollectionAccess
Event: 0.645 Loading class jdk/internal/access/JavaUtilCollectionAccess done
Event: 0.645 Loading class java/util/ImmutableCollections$Access$1 done
Event: 0.646 Loading class java/util/stream/Nodes$SpinedNodeBuilder
Event: 0.646 Loading class java/util/stream/Nodes$SpinedNodeBuilder done
Event: 0.646 Loading class sun/nio/fs/WindowsPath$WindowsPathWithAttributes
Event: 0.646 Loading class sun/nio/fs/WindowsPath$WindowsPathWithAttributes done
Event: 0.653 Loading class java/nio/file/FileTreeWalker$1
Event: 0.654 Loading class java/nio/file/FileTreeWalker$1 done
Event: 0.722 Loading class java/lang/invoke/MethodHandle$1
Event: 0.722 Loading class java/lang/invoke/MethodHandle$1 done
Event: 0.806 Loading class java/util/concurrent/locks/AbstractQueuedSynchronizer$ExclusiveNode
Event: 0.806 Loading class java/util/concurrent/locks/AbstractQueuedSynchronizer$ExclusiveNode done
Event: 0.819 Loading class java/util/LinkedList$Node
Event: 0.819 Loading class java/util/LinkedList$Node done

Classes unloaded (0 events):
No events

Classes redefined (0 events):
No events

Internal exceptions (20 events):
Event: 0.483 Thread 0x000001f7e78dad30 Exception <a 'java/lang/NoSuchMethodError'{0x00000007133bd3d0}: 'java.lang.Object java.lang.invoke.DirectMethodHandle$Holder.invokeVirtual(java.lang.Object, java.lang.Object, java.lang.Object, int, int)'> (0x00000007133bd3d0) 
thrown [s\open\src\hotspot\share\interpreter\linkResolver.cpp, line 774]
Event: 0.484 Thread 0x000001f7e78dad30 Exception <a 'java/lang/NoSuchMethodError'{0x00000007133c3f20}: 'java.lang.Object java.lang.invoke.DirectMethodHandle$Holder.invokeVirtual(java.lang.Object, java.lang.Object, int)'> (0x00000007133c3f20) 
thrown [s\open\src\hotspot\share\interpreter\linkResolver.cpp, line 774]
Event: 0.485 Thread 0x000001f7e78dad30 Exception <a 'java/lang/NoSuchMethodError'{0x00000007133cd160}: 'java.lang.Object java.lang.invoke.DirectMethodHandle$Holder.invokeSpecial(java.lang.Object, java.lang.Object, java.lang.Object, int, int)'> (0x00000007133cd160) 
thrown [s\open\src\hotspot\share\interpreter\linkResolver.cpp, line 774]
Event: 0.624 Thread 0x000001f7e78dad30 Exception <a 'java/lang/NoSuchMethodError'{0x00000007131c86b0}: 'java.lang.Object java.lang.invoke.DirectMethodHandle$Holder.invokeStatic(java.lang.Object, int, java.lang.Object)'> (0x00000007131c86b0) 
thrown [s\open\src\hotspot\share\interpreter\linkResolver.cpp, line 774]
Event: 0.644 Thread 0x000001f7e78dad30 Exception <a 'sun/nio/fs/WindowsException'{0x0000000712e2a300}> (0x0000000712e2a300) 
thrown [s\open\src\hotspot\share\prims\jni.cpp, line 517]
Event: 0.704 Thread 0x000001f7e78dad30 Exception <a 'java/lang/NoSuchMethodError'{0x0000000712d7d600}: 'int java.lang.invoke.DirectMethodHandle$Holder.invokeSpecial(java.lang.Object, java.lang.Object, java.lang.Object)'> (0x0000000712d7d600) 
thrown [s\open\src\hotspot\share\interpreter\linkResolver.cpp, line 774]
Event: 0.711 Thread 0x000001f7e78dad30 Exception <a 'sun/nio/fs/WindowsException'{0x0000000712d87948}> (0x0000000712d87948) 
thrown [s\open\src\hotspot\share\prims\jni.cpp, line 517]
Event: 0.711 Thread 0x000001f7e78dad30 Exception <a 'sun/nio/fs/WindowsException'{0x0000000712d87b88}> (0x0000000712d87b88) 
thrown [s\open\src\hotspot\share\prims\jni.cpp, line 517]
Event: 0.717 Thread 0x000001f7e78dad30 Exception <a 'sun/nio/fs/WindowsException'{0x0000000712d915a8}> (0x0000000712d915a8) 
thrown [s\open\src\hotspot\share\prims\jni.cpp, line 517]
Event: 0.717 Thread 0x000001f7e78dad30 Exception <a 'sun/nio/fs/WindowsException'{0x0000000712d91828}> (0x0000000712d91828) 
thrown [s\open\src\hotspot\share\prims\jni.cpp, line 517]
Event: 0.717 Thread 0x000001f7e78dad30 Exception <a 'sun/nio/fs/WindowsException'{0x0000000712d93950}> (0x0000000712d93950) 
thrown [s\open\src\hotspot\share\prims\jni.cpp, line 517]
Event: 0.717 Thread 0x000001f7e78dad30 Exception <a 'sun/nio/fs/WindowsException'{0x0000000712d93c10}> (0x0000000712d93c10) 
thrown [s\open\src\hotspot\share\prims\jni.cpp, line 517]
Event: 0.718 Thread 0x000001f7e78dad30 Exception <a 'sun/nio/fs/WindowsException'{0x0000000712d96870}> (0x0000000712d96870) 
thrown [s\open\src\hotspot\share\prims\jni.cpp, line 517]
Event: 0.718 Thread 0x000001f7e78dad30 Exception <a 'sun/nio/fs/WindowsException'{0x0000000712d96b50}> (0x0000000712d96b50) 
thrown [s\open\src\hotspot\share\prims\jni.cpp, line 517]
Event: 0.720 Thread 0x000001f7e78dad30 Exception <a 'java/lang/NoSuchMethodError'{0x0000000712da4230}: 'java.lang.Object java.lang.invoke.DirectMethodHandle$Holder.invokeStatic(java.lang.Object, java.lang.Object, int, int)'> (0x0000000712da4230) 
thrown [s\open\src\hotspot\share\interpreter\linkResolver.cpp, line 774]
Event: 0.738 Thread 0x000001f7e78dad30 Exception <a 'sun/nio/fs/WindowsException'{0x0000000712dd27f8}> (0x0000000712dd27f8) 
thrown [s\open\src\hotspot\share\prims\jni.cpp, line 517]
Event: 0.738 Thread 0x000001f7e78dad30 Exception <a 'sun/nio/fs/WindowsException'{0x0000000712dd2a48}> (0x0000000712dd2a48) 
thrown [s\open\src\hotspot\share\prims\jni.cpp, line 517]
Event: 0.769 Thread 0x000001f7e78dad30 Exception <a 'sun/nio/fs/WindowsException'{0x00000007128dc8d8}> (0x00000007128dc8d8) 
thrown [s\open\src\hotspot\share\prims\jni.cpp, line 517]
Event: 0.769 Thread 0x000001f7e78dad30 Exception <a 'sun/nio/fs/WindowsException'{0x00000007128dcb30}> (0x00000007128dcb30) 
thrown [s\open\src\hotspot\share\prims\jni.cpp, line 517]
Event: 0.839 Thread 0x000001f7e78dad30 Exception <a 'java/lang/NoSuchMethodError'{0x0000000713833808}: 'java.lang.Object java.lang.invoke.DirectMethodHandle$Holder.invokeInterface(java.lang.Object, java.lang.Object)'> (0x0000000713833808) 
thrown [s\open\src\hotspot\share\interpreter\linkResolver.cpp, line 774]

VM Operations (14 events):
Event: 0.059 Executing VM operation: HandshakeAllThreads
Event: 0.059 Executing VM operation: HandshakeAllThreads done
Event: 0.182 Executing VM operation: HandshakeAllThreads
Event: 0.182 Executing VM operation: HandshakeAllThreads done
Event: 0.376 Executing VM operation: HandshakeAllThreads
Event: 0.376 Executing VM operation: HandshakeAllThreads done
Event: 0.447 Executing VM operation: HandshakeAllThreads
Event: 0.447 Executing VM operation: HandshakeAllThreads done
Event: 0.738 Executing VM operation: ICBufferFull
Event: 0.739 Executing VM operation: ICBufferFull done
Event: 0.799 Executing VM operation: G1CollectForAllocation
Event: 0.805 Executing VM operation: G1CollectForAllocation done
Event: 0.806 Executing VM operation: HandshakeAllThreads
Event: 0.806 Executing VM operation: HandshakeAllThreads done

Events (14 events):
Event: 0.019 Thread 0x000001f7e78dad30 Thread added: 0x000001f7e78dad30
Event: 0.031 Thread 0x000001f78ac1f410 Thread added: 0x000001f78ac1f410
Event: 0.031 Thread 0x000001f78ac1fd40 Thread added: 0x000001f78ac1fd40
Event: 0.031 Thread 0x000001f78ac229c0 Thread added: 0x000001f78ac229c0
Event: 0.031 Thread 0x000001f78ac25300 Thread added: 0x000001f78ac25300
Event: 0.032 Thread 0x000001f78ac25dd0 Thread added: 0x000001f78ac25dd0
Event: 0.032 Thread 0x000001f78ac268a0 Thread added: 0x000001f78ac268a0
Event: 0.032 Thread 0x000001f78ac27be0 Thread added: 0x000001f78ac27be0
Event: 0.032 Thread 0x000001f78ac2fc10 Thread added: 0x000001f78ac2fc10
Event: 0.032 Thread 0x000001f78ac38da0 Thread added: 0x000001f78ac38da0
Event: 0.053 Thread 0x000001f78f0ddff0 Thread added: 0x000001f78f0ddff0
Event: 0.070 Thread 0x000001f78f1495d0 Thread added: 0x000001f78f1495d0
Event: 0.425 Thread 0x000001f78f677d60 Thread added: 0x000001f78f677d60
Event: 0.518 Thread 0x000001f78f5a1410 Thread added: 0x000001f78f5a1410


Dynamic libraries:
0x00007ff600940000 - 0x00007ff600950000 	C:\Program Files\Java\jdk-19\bin\java.exe
0x00007ffea46b0000 - 0x00007ffea48c4000 	C:\WINDOWS\SYSTEM32\ntdll.dll
0x00007ffea2fc0000 - 0x00007ffea3082000 	C:\WINDOWS\System32\KERNEL32.DLL
0x00007ffea1e80000 - 0x00007ffea221d000 	C:\WINDOWS\System32\KERNELBASE.dll
0x00007ffea1b80000 - 0x00007ffea1c91000 	C:\WINDOWS\System32\ucrtbase.dll
0x00007ffe82570000 - 0x00007ffe8258b000 	C:\Program Files\Java\jdk-19\bin\VCRUNTIME140.dll
0x00007ffe82590000 - 0x00007ffe825a8000 	C:\Program Files\Java\jdk-19\bin\jli.dll
0x00007ffea42e0000 - 0x00007ffea438e000 	C:\WINDOWS\System32\ADVAPI32.dll
0x00007ffea2c30000 - 0x00007ffea2cd7000 	C:\WINDOWS\System32\msvcrt.dll
0x00007ffea4550000 - 0x00007ffea45f4000 	C:\WINDOWS\System32\sechost.dll
0x00007ffea2d70000 - 0x00007ffea2e85000 	C:\WINDOWS\System32\RPCRT4.dll
0x00007ffea2a70000 - 0x00007ffea2c1a000 	C:\WINDOWS\System32\USER32.dll
0x00007ffea2400000 - 0x00007ffea2426000 	C:\WINDOWS\System32\win32u.dll
0x00007ffe83540000 - 0x00007ffe837ce000 	C:\WINDOWS\WinSxS\amd64_microsoft.windows.common-controls_6595b64144ccf1df_6.0.22621.436_none_a94247dbc10d8414\COMCTL32.dll
0x00007ffea4390000 - 0x00007ffea43b9000 	C:\WINDOWS\System32\GDI32.dll
0x00007ffea22e0000 - 0x00007ffea23f2000 	C:\WINDOWS\System32\gdi32full.dll
0x00007ffea1ae0000 - 0x00007ffea1b7a000 	C:\WINDOWS\System32\msvcp_win.dll
0x00007ffe8e2e0000 - 0x00007ffe8e2ea000 	C:\WINDOWS\SYSTEM32\VERSION.dll
0x00007ffea2f80000 - 0x00007ffea2fb2000 	C:\WINDOWS\System32\IMM32.DLL
0x00007ffe925f0000 - 0x00007ffe925fc000 	C:\Program Files\Java\jdk-19\bin\vcruntime140_1.dll
0x00007ffe74300000 - 0x00007ffe7438e000 	C:\Program Files\Java\jdk-19\bin\msvcp140.dll
0x00007ffe1fd60000 - 0x00007ffe20a20000 	C:\Program Files\Java\jdk-19\bin\server\jvm.dll
0x00007ffe83bc0000 - 0x00007ffe83bc9000 	C:\WINDOWS\SYSTEM32\WSOCK32.dll
0x00007ffe94930000 - 0x00007ffe94964000 	C:\WINDOWS\SYSTEM32\WINMM.dll
0x00007ffea2e90000 - 0x00007ffea2f01000 	C:\WINDOWS\System32\WS2_32.dll
0x00007ffea0c10000 - 0x00007ffea0c28000 	C:\WINDOWS\SYSTEM32\kernel.appcore.dll
0x00007ffe92530000 - 0x00007ffe9253a000 	C:\Program Files\Java\jdk-19\bin\jimage.dll
0x00007ffe9f670000 - 0x00007ffe9f89e000 	C:\WINDOWS\SYSTEM32\DBGHELP.DLL
0x00007ffea3f30000 - 0x00007ffea42ba000 	C:\WINDOWS\System32\combase.dll
0x00007ffea2680000 - 0x00007ffea2757000 	C:\WINDOWS\System32\OLEAUT32.dll
0x00007ffe7bf60000 - 0x00007ffe7bf92000 	C:\WINDOWS\SYSTEM32\dbgcore.DLL
0x00007ffea2430000 - 0x00007ffea24ab000 	C:\WINDOWS\System32\bcryptPrimitives.dll
0x00007ffe7ec70000 - 0x00007ffe7ec96000 	C:\Program Files\Java\jdk-19\bin\java.dll
0x00007ffe64980000 - 0x00007ffe64a57000 	C:\Program Files\Java\jdk-19\bin\jsvml.dll
0x00007ffea3090000 - 0x00007ffea3870000 	C:\WINDOWS\System32\SHELL32.dll
0x00007ffe9fae0000 - 0x00007ffea03a5000 	C:\WINDOWS\SYSTEM32\windows.storage.dll
0x00007ffe9f9a0000 - 0x00007ffe9fade000 	C:\WINDOWS\SYSTEM32\wintypes.dll
0x00007ffea27d0000 - 0x00007ffea28c1000 	C:\WINDOWS\System32\SHCORE.dll
0x00007ffea2770000 - 0x00007ffea27ce000 	C:\WINDOWS\System32\shlwapi.dll
0x00007ffea1a10000 - 0x00007ffea1a31000 	C:\WINDOWS\SYSTEM32\profapi.dll
0x00007ffe82550000 - 0x00007ffe82563000 	C:\Program Files\Java\jdk-19\bin\net.dll
0x00007ffe98640000 - 0x00007ffe9876f000 	C:\WINDOWS\SYSTEM32\WINHTTP.dll
0x00007ffea1080000 - 0x00007ffea10e9000 	C:\WINDOWS\system32\mswsock.dll
0x00007ffe7e8d0000 - 0x00007ffe7e8e6000 	C:\Program Files\Java\jdk-19\bin\nio.dll
0x00007ffe7e9f0000 - 0x00007ffe7ea08000 	C:\Program Files\Java\jdk-19\bin\zip.dll

dbghelp: loaded successfully - version: 4.0.5 - missing functions: none
symbol engine: initialized successfully - sym options: 0x614 - pdb path: .;C:\Program Files\Java\jdk-19\bin;C:\WINDOWS\SYSTEM32;C:\WINDOWS\WinSxS\amd64_microsoft.windows.common-controls_6595b64144ccf1df_6.0.22621.436_none_a94247dbc10d8414;C:\Program Files\Java\jdk-19\bin\server

VM Arguments:
jvm_args: --add-modules=ALL-DEFAULT 
java_command: jdk.compiler/com.sun.tools.javac.launcher.Main .\PomAndHoneyGUI.java
java_class_path (initial): .;forms_rt.jar;postgresql-42.2.8.jar
Launcher Type: SUN_STANDARD

[Global flags]
     intx CICompilerCount                          = 4                                         {product} {ergonomic}
     uint ConcGCThreads                            = 2                                         {product} {ergonomic}
     uint G1ConcRefinementThreads                  = 8                                         {product} {ergonomic}
   size_t G1HeapRegionSize                         = 2097152                                   {product} {ergonomic}
    uintx GCDrainStackTargetSize                   = 64                                        {product} {ergonomic}
   size_t InitialHeapSize                          = 266338304                                 {product} {ergonomic}
   size_t MarkStackSize                            = 4194304                                   {product} {ergonomic}
   size_t MaxHeapSize                              = 4232052736                                {product} {ergonomic}
   size_t MaxNewSize                               = 2537553920                                {product} {ergonomic}
   size_t MinHeapDeltaBytes                        = 2097152                                   {product} {ergonomic}
   size_t MinHeapSize                              = 8388608                                   {product} {ergonomic}
    uintx NonNMethodCodeHeapSize                   = 5839372                                {pd product} {ergonomic}
    uintx NonProfiledCodeHeapSize                  = 122909434                              {pd product} {ergonomic}
    uintx ProfiledCodeHeapSize                     = 122909434                              {pd product} {ergonomic}
    uintx ReservedCodeCacheSize                    = 251658240                              {pd product} {ergonomic}
     bool SegmentedCodeCache                       = true                                      {product} {ergonomic}
   size_t SoftMaxHeapSize                          = 4232052736                             {manageable} {ergonomic}
     bool UseCompressedClassPointers               = true                           {product lp64_product} {ergonomic}
     bool UseCompressedOops                        = true                           {product lp64_product} {ergonomic}
     bool UseG1GC                                  = true                                      {product} {ergonomic}
     bool UseLargePagesIndividualAllocation        = false                                  {pd product} {ergonomic}

Logging:
Log output configuration:
 #0: stdout all=warning uptime,level,tags foldmultilines=false
 #1: stderr all=off uptime,level,tags foldmultilines=false

Environment Variables:
PATH=C:\Program Files\Common Files\Oracle\Java\javapath;C:\Python36-32\Scripts\;C:\Python36-32\;C:\Program Files (x86)\Razer Chroma SDK\bin;C:\Program Files\Razer Chroma SDK\bin;C:\Program Files (x86)\Razer\ChromaBroadcast\bin;C:\Program Files\Razer\ChromaBroadcast\bin;C:\Program Files (x86)\Common Files\Oracle\Java\javapath;C:\Windows\system32;C:\Windows;C:\Windows\System32\Wbem;C:\Windows\System32\WindowsPowerShell\v1.0\;C:\Windows\System32\OpenSSH\;C:\MinGW\bin;C:\Program Files\Wolfram Research\WolframScript\;C:\Windows\system32\config\systemprofile\AppData\Local\Microsoft\WindowsApps;C:\Program Files\Docker\Docker\resources\bin;C:\ProgramData\DockerDesktop\version-bin;C:\WINDOWS\system32;C:\WINDOWS;C:\WINDOWS\System32\Wbem;C:\WINDOWS\System32\WindowsPowerShell\v1.0\;C:\WINDOWS\System32\OpenSSH\;C:\Program Files\nodejs\;C:\Program Files (x86)\Vim\vim82;C:\Program Files (x86)\Neovim\bin;C:\ProgramData\chocolatey\bin;C:\Program Files\CMake\bin;C:\Program Files\LLVM\bin;C:\Program Files\Microsoft SQL Server\150\Tools\Binn\;C:\Program Files\Microsoft SQL Server\Client SDK\ODBC\170\Tools\Binn\;C:\Program Files (x86)\neovide\target\release;C:\Program Files (x86)\Bitvise SSH Client;C:\Program Files\PuTTY\;C:\Program Files\dotnet\;C:\WINDOWS\system32;C:\WINDOWS;C:\WINDOWS\System32\Wbem;C:\WINDOWS\System32\WindowsPowerShell\v1.0\;C:\WINDOWS\System32\OpenSSH\;C:\Program Files\Git\cmd;C:\Users\john5\AppData\Local\Programs\Python\Launcher\;C:\Users\john5\.cargo\bin;C:\Users\john5\AppData\Local\Microsoft\WindowsApps;C:\Users\john5\AppData\Local\Programs\Microsoft VS Code\bin;C:\Program Files\JetBrains\PyCharm 2020.3.2\bin;C:\Users\john5\AppData\Roaming\npm;C:\Users\john5\.dotnet\tools;C:\Users\john5\AppData\Local\GitHubDesktop\bin;C:\ProgramData\john5\GitHubDesktop\bin;C:\Users\john5\AppData\Local\JetBrains\Toolbox\scripts;
USERNAME=john5
OS=Windows_NT
PROCESSOR_IDENTIFIER=Intel64 Family 6 Model 140 Stepping 1, GenuineIntel
TMP=C:\Users\john5\AppData\Local\Temp
TEMP=C:\Users\john5\AppData\Local\Temp



---------------  S Y S T E M  ---------------

OS:
 Windows 11 , 64 bit Build 22621 (10.0.22621.746)
OS uptime: 0 days 7:20 hours
Hyper-V role detected

CPU: total 8 (initial active 8) (4 cores per cpu, 2 threads per core) family 6 model 140 stepping 1 microcode 0x60, cx8, cmov, fxsr, ht, mmx, 3dnowpref, sse, sse2, sse3, ssse3, sse4.1, sse4.2, popcnt, lzcnt, tsc, tscinvbit, avx, avx2, aes, erms, clmul, bmi1, bmi2, adx, avx512f, avx512dq, avx512cd, avx512bw, avx512vl, sha, fma, vzeroupper, avx512_vpopcntdq, avx512_vpclmulqdq, avx512_vaes, avx512_vnni, clflush, clflushopt, clwb, avx512_vbmi2, avx512_vbmi, hv, rdtscp, rdpid, fsrm, gfni, avx512_bitalg

Memory: 4k page, system-wide physical 16138M (2210M free)
TotalPageFile size 65290M (AvailPageFile size 5M)
current process WorkingSet (physical memory assigned to process): 90M, peak: 91M
current process commit charge ("private bytes"): 361M, peak: 362M

vm_info: Java HotSpot(TM) 64-Bit Server VM (19+36-2238) for windows-amd64 JRE (19+36-2238), built on 2022-08-12T20:29:01Z by "mach5one" with MS VC++ 17.1 (VS2022)

END.
